\BOOKMARK [0][-]{chapter.1}{Overview}{}% 1
\BOOKMARK [-1][-]{part.1}{I\040Review\040and\040Introduction}{}% 2
\BOOKMARK [0][-]{chapter.2}{Holographic\040quantum\040matter}{part.1}% 3
\BOOKMARK [1][-]{section.2.1}{The\040holographic\040correspondence}{chapter.2}% 4
\BOOKMARK [2][-]{subsection.2.1.1}{Introducing\040`AdS/CMT'}{section.2.1}% 5
\BOOKMARK [2][-]{subsection.2.1.2}{Historical\040context\040I:\040horizons\040are\040dissipative}{section.2.1}% 6
\BOOKMARK [2][-]{subsection.2.1.3}{Historical\040context\040II:\040the\040't\040Hooft\040matrix\040large\040N\040limit}{section.2.1}% 7
\BOOKMARK [2][-]{subsection.2.1.4}{Maldacena's\040argument\040and\040the\040canonical\040examples}{section.2.1}% 8
\BOOKMARK [2][-]{subsection.2.1.5}{The\040essential\040dictionary}{section.2.1}% 9
\BOOKMARK [2][-]{subsection.2.1.6}{The\040emergent\040dimension\040I:\040Wilsonian\040holographic\040renormalization}{section.2.1}% 10
\BOOKMARK [2][-]{subsection.2.1.7}{The\040emergent\040dimension\040II:\040Entanglement\040entropy}{section.2.1}% 11
\BOOKMARK [2][-]{subsection.2.1.8}{Microscopics:\040Kaluza-Klein\040modes\040and\040consistent\040truncations}{section.2.1}% 12
\BOOKMARK [1][-]{section.2.2}{Zero\040density\040matter}{chapter.2}% 13
\BOOKMARK [2][-]{subsection.2.2.1}{Condensed\040matter\040systems}{section.2.2}% 14
\BOOKMARK [2][-]{subsection.2.2.2}{Scale\040invariant\040geometries}{section.2.2}% 15
\BOOKMARK [2][-]{subsection.2.2.3}{Nonzero\040temperature}{section.2.2}% 16
\BOOKMARK [2][-]{subsection.2.2.4}{Theories\040with\040a\040mass\040gap}{section.2.2}% 17
\BOOKMARK [1][-]{section.2.3}{Quantum\040critical\040transport}{chapter.2}% 18
\BOOKMARK [2][-]{subsection.2.3.1}{Condensed\040matter\040systems\040and\040questions}{section.2.3}% 19
\BOOKMARK [2][-]{subsection.2.3.2}{Standard\040approaches\040and\040their\040limitations}{section.2.3}% 20
\BOOKMARK [2][-]{subsection.2.3.3}{Holographic\040spectral\040functions}{section.2.3}% 21
\BOOKMARK [2][-]{subsection.2.3.4}{Quantum\040critical\040charge\040dynamics}{section.2.3}% 22
\BOOKMARK [2][-]{subsection.2.3.5}{Quasinormal\040modes\040replace\040quasiparticles}{section.2.3}% 23
\BOOKMARK [1][-]{section.2.4}{Compressible\040quantum\040matter}{chapter.2}% 24
\BOOKMARK [2][-]{subsection.2.4.1}{Condensed\040matter\040systems}{section.2.4}% 25
\BOOKMARK [2][-]{subsection.2.4.2}{Charged\040horizons}{section.2.4}% 26
\BOOKMARK [2][-]{subsection.2.4.3}{Hidden\040Fermi\040surfaces?}{section.2.4}% 27
\BOOKMARK [2][-]{subsection.2.4.4}{Fermions\040in\040the\040bulk\040I:\040classical\040effects}{section.2.4}% 28
\BOOKMARK [2][-]{subsection.2.4.5}{Fermions\040in\040the\040bulk\040II:\040quantum\040effects}{section.2.4}% 29
\BOOKMARK [1][-]{section.2.5}{Metallic\040transport\040without\040quasiparticles}{chapter.2}% 30
\BOOKMARK [2][-]{subsection.2.5.1}{Thermoelectric\040conductivity\040matrix}{section.2.5}% 31
\BOOKMARK [2][-]{subsection.2.5.2}{Hydrodynamic\040transport\040\(with\040momentum\)}{section.2.5}% 32
\BOOKMARK [2][-]{subsection.2.5.3}{Weak\040momentum\040relaxation\040I:\040inhomogeneous\040hydrodynamics}{section.2.5}% 33
\BOOKMARK [2][-]{subsection.2.5.4}{Weak\040momentum\040relaxation\040II:\040the\040memory\040matrix\040formalism}{section.2.5}% 34
\BOOKMARK [2][-]{subsection.2.5.5}{Magnetotransport}{section.2.5}% 35
\BOOKMARK [2][-]{subsection.2.5.6}{Hydrodynamic\040transport\040\(without\040momentum\)}{section.2.5}% 36
\BOOKMARK [2][-]{subsection.2.5.7}{Strong\040momentum\040relaxation\040I:\040``mean\040field"\040methods}{section.2.5}% 37
\BOOKMARK [2][-]{subsection.2.5.8}{Strong\040momentum\040relaxation\040II:\040exact\040methods}{section.2.5}% 38
\BOOKMARK [1][-]{section.2.6}{Further\040topics}{chapter.2}% 39
\BOOKMARK [2][-]{subsection.2.6.1}{Probe\040branes}{section.2.6}% 40
\BOOKMARK [2][-]{subsection.2.6.2}{Disordered\040fixed\040points}{section.2.6}% 41
\BOOKMARK [2][-]{subsection.2.6.3}{Out\040of\040equilibrium\040I:\040quenches}{section.2.6}% 42
\BOOKMARK [2][-]{subsection.2.6.4}{Out\040of\040equilibrium\040II:\040turbulence}{section.2.6}% 43
\BOOKMARK [-1][-]{part.2}{II\040Transport\040in\040weakly\040disordered\040metals}{}% 44
\BOOKMARK [0][-]{chapter.3}{Holographic\040strange\040metals\040with\040random-field\040disorder}{part.2}% 45
\BOOKMARK [1][-]{section.3.1}{Introduction}{chapter.3}% 46
\BOOKMARK [1][-]{section.3.2}{Scale-Invariant\040Hyperscaling-Violating\040Holography}{chapter.3}% 47
\BOOKMARK [1][-]{section.3.3}{Conductivity\040with\040Random\040Field\040Disorder.}{chapter.3}% 48
\BOOKMARK [1][-]{section.3.4}{Holography}{chapter.3}% 49
\BOOKMARK [2][-]{subsection.3.4.1}{The\040Harris\040Criterion\040and\040a\040Dirty\040Black\040Hole}{section.3.4}% 50
\BOOKMARK [2][-]{subsection.3.4.2}{DC\040conductivity}{section.3.4}% 51
\BOOKMARK [2][-]{subsection.3.4.3}{Breakdown\040of\040Perturbation\040Theory}{section.3.4}% 52
\BOOKMARK [1][-]{section.3.5}{Memory\040Matrix\040Method}{chapter.3}% 53
\BOOKMARK [1][-]{section.3.6}{Conclusions}{chapter.3}% 54
\BOOKMARK [0][-]{chapter.4}{From\040holography\040to\040memory\040matrices}{part.2}% 55
\BOOKMARK [1][-]{section.4.1}{Introduction}{chapter.4}% 56
\BOOKMARK [1][-]{section.4.2}{Hydrodynamics\040and\040the\040Drude\040Peak}{chapter.4}% 57
\BOOKMARK [1][-]{section.4.3}{Memory\040Functions}{chapter.4}% 58
\BOOKMARK [1][-]{section.4.4}{Holography}{chapter.4}% 59
\BOOKMARK [2][-]{subsection.4.4.1}{Drude\040Peak}{section.4.4}% 60
\BOOKMARK [2][-]{subsection.4.4.2}{Equivalence\040with\040the\040Memory\040Function\040Approach}{section.4.4}% 61
\BOOKMARK [2][-]{subsection.4.4.3}{Seebeck\040Coefficient}{section.4.4}% 62
\BOOKMARK [1][-]{section.4.5}{Conclusion}{chapter.4}% 63
\BOOKMARK [0][-]{chapter.5}{Memory\040matrix\040theory\040of\040magnetotransport}{part.2}% 64
\BOOKMARK [1][-]{section.5.1}{Introduction}{chapter.5}% 65
\BOOKMARK [2][-]{subsection.5.1.1}{Transport\040Without\040Quasiparticles}{section.5.1}% 66
\BOOKMARK [2][-]{subsection.5.1.2}{Outline\040of\040the\040Paper}{section.5.1}% 67
\BOOKMARK [1][-]{section.5.2}{Hydrodynamics}{chapter.5}% 68
\BOOKMARK [1][-]{section.5.3}{Memory\040Function\040Formalism}{chapter.5}% 69
\BOOKMARK [2][-]{subsection.5.3.1}{Hydrodynamic\040Interpretation}{section.5.3}% 70
\BOOKMARK [1][-]{section.5.4}{Dynamics\040of\040Charge\040and\040Momentum}{chapter.5}% 71
\BOOKMARK [2][-]{subsection.5.4.1}{Diffusive\040Transport}{section.5.4}% 72
\BOOKMARK [2][-]{subsection.5.4.2}{Momentum\040Relaxation}{section.5.4}% 73
\BOOKMARK [2][-]{subsection.5.4.3}{Magnetic\040Fields}{section.5.4}% 74
\BOOKMARK [1][-]{section.5.5}{Dynamics\040of\040Charge,\040Heat\040and\040Momentum}{chapter.5}% 75
\BOOKMARK [1][-]{section.5.6}{Thermal\040and\040Thermoelectric\040Transport}{chapter.5}% 76
\BOOKMARK [1][-]{section.5.7}{Conclusions}{chapter.5}% 77
\BOOKMARK [-1][-]{part.3}{III\040Transport\040in\040strongly\040disordered\040metals}{}% 78
\BOOKMARK [0][-]{chapter.6}{Lower\040bound\040on\040electrical\040conductivity}{part.3}% 79
\BOOKMARK [1][-]{section.6.1}{Introduction}{chapter.6}% 80
\BOOKMARK [1][-]{section.6.2}{Results}{chapter.6}% 81
\BOOKMARK [1][-]{section.6.3}{Technical\040Details}{chapter.6}% 82
\BOOKMARK [0][-]{chapter.7}{Lower\040bound\040on\040thermal\040conductivity}{part.3}% 83
\BOOKMARK [1][-]{section.7.1}{Introduction}{chapter.7}% 84
\BOOKMARK [1][-]{section.7.2}{Results}{chapter.7}% 85
\BOOKMARK [1][-]{section.7.3}{Dirty\040Black\040Holes}{chapter.7}% 86
\BOOKMARK [1][-]{section.7.4}{One\040Dimension}{chapter.7}% 87
\BOOKMARK [1][-]{section.7.5}{Two\040Dimensions}{chapter.7}% 88
\BOOKMARK [1][-]{section.7.6}{Mean\040Field\040Models}{chapter.7}% 89
\BOOKMARK [-1][-]{part.4}{IV\040Hydrodynamics\040in\040graphene}{}% 90
\BOOKMARK [0][-]{chapter.8}{Observation\040of\040the\040Dirac\040fluid}{part.4}% 91
\BOOKMARK [0][-]{chapter.9}{Hydrodynamic\040transport\040in\040the\040Dirac\040fluid}{part.4}% 92
\BOOKMARK [1][-]{section.9.1}{Introduction}{chapter.9}% 93
\BOOKMARK [2][-]{subsection.9.1.1}{Summary\040of\040Results}{section.9.1}% 94
\BOOKMARK [2][-]{subsection.9.1.2}{Outline}{section.9.1}% 95
\BOOKMARK [1][-]{section.9.2}{Transport\040Coefficients}{chapter.9}% 96
\BOOKMARK [1][-]{section.9.3}{Relativistic\040Hydrodynamics}{chapter.9}% 97
\BOOKMARK [2][-]{subsection.9.3.1}{Hydrodynamic\040Equations}{section.9.3}% 98
\BOOKMARK [2][-]{subsection.9.3.2}{Hydrodynamic\040Theory\040of\040Transport}{section.9.3}% 99
\BOOKMARK [1][-]{section.9.4}{The\040Dirac\040Fluid\040in\040Graphene}{chapter.9}% 100
\BOOKMARK [1][-]{section.9.5}{Numerical\040Results}{chapter.9}% 101
\BOOKMARK [2][-]{subsection.9.5.1}{Comparison\040to\040Experiment}{section.9.5}% 102
\BOOKMARK [1][-]{section.9.6}{Phonons\040in\040Graphene}{chapter.9}% 103
\BOOKMARK [1][-]{section.9.7}{Conclusions}{chapter.9}% 104
\BOOKMARK [0][-]{appendix.A}{Appendix\040for\040Chapter\0405}{part.4}% 105
\BOOKMARK [0][-]{appendix.B}{Appendix\040for\040Chapter\0408}{part.4}% 106
\BOOKMARK [1][-]{section.B.1}{Sample\040Fabrication}{appendix.B}% 107
\BOOKMARK [2][-]{subsection.B.1.1}{Optimizing\040samples\040for\040high\040frequency\040thermal\040conductivity\040measurements}{section.B.1}% 108
\BOOKMARK [1][-]{section.B.2}{Device\040Characterization}{appendix.B}% 109
\BOOKMARK [1][-]{section.B.3}{Johnson\040Noise\040Thermometry}{appendix.B}% 110
\BOOKMARK [1][-]{section.B.4}{Measuring\040electronic\040thermal\040conductance}{appendix.B}% 111
\BOOKMARK [1][-]{section.B.5}{Thermal\040model\040of\040graphene\040electrons}{appendix.B}% 112
\BOOKMARK [1][-]{section.B.6}{Measuring\040Thermal\040Conductivity}{appendix.B}% 113
\BOOKMARK [1][-]{section.B.7}{Bipolar\040Diffusion\040}{appendix.B}% 114
\BOOKMARK [0][-]{appendix.C}{Appendix\040for\040Chapter\0409}{part.4}% 115
\BOOKMARK [1][-]{section.C.1}{Thermodynamics}{appendix.C}% 116
\BOOKMARK [2][-]{subsection.C.1.1}{Thermodynamics\040of\040Disordered\040Fluids}{section.C.1}% 117
\BOOKMARK [1][-]{section.C.2}{Rescaling\040Symmetries\040of\040dc\040Transport}{appendix.C}% 118
\BOOKMARK [1][-]{section.C.3}{Weak\040Disorder}{appendix.C}% 119
\BOOKMARK [1][-]{section.C.4}{Equations\040of\040State\040of\040the\040Dirac\040Fluid}{appendix.C}% 120
\BOOKMARK [1][-]{section.C.5}{Numerical\040Methods}{appendix.C}% 121
\BOOKMARK [2][-]{subsection.C.5.1}{Finite\040Size\040Effects}{section.C.5}% 122
\BOOKMARK [2][-]{subsection.C.5.2}{Dimensional\040Analysis}{section.C.5}% 123
