This is XeTeX, Version 3.14159265-2.6-0.99992 (TeX Live 2015/Debian) (preloaded format=xelatex 2017.2.10)  13 MAR 2017 18:29
entering extended mode
 restricted \write18 enabled.
 %&-line parsing enabled.
**dissertation.tex
(./dissertation.tex
LaTeX2e <2016/02/01>
Babel <3.9q> and hyphenation patterns for 81 language(s) loaded.
(./Dissertate.cls
Document Class: Dissertate 2014/03/25 v2.0 Dissertate Class
(/usr/share/texlive/texmf-dist/tex/latex/base/book.cls
Document Class: book 2014/09/29 v1.4h Standard LaTeX document class
(/usr/share/texlive/texmf-dist/tex/latex/base/bk12.clo
File: bk12.clo 2014/09/29 v1.4h Standard LaTeX file (size option)
)
\c@part=\count79
\c@chapter=\count80
\c@section=\count81
\c@subsection=\count82
\c@subsubsection=\count83
\c@paragraph=\count84
\c@subparagraph=\count85
\c@figure=\count86
\c@table=\count87
\abovecaptionskip=\skip41
\belowcaptionskip=\skip42
\bibindent=\dimen102
)
(/usr/share/texlive/texmf-dist/tex/latex/etoolbox/etoolbox.sty
Package: etoolbox 2015/08/02 v2.2a e-TeX tools for LaTeX (JAW)
\etb@tempcnta=\count88
)
(/usr/share/texlive/texmf-dist/tex/latex/geometry/geometry.sty
Package: geometry 2010/09/12 v5.6 Page Geometry

(/usr/share/texlive/texmf-dist/tex/latex/graphics/keyval.sty
Package: keyval 2014/10/28 v1.15 key=value parser (DPC)
\KV@toks@=\toks14
)
(/usr/share/texlive/texmf-dist/tex/generic/oberdiek/ifpdf.sty
Package: ifpdf 2011/01/30 v2.3 Provides the ifpdf switch (HO)
Package ifpdf Info: pdfTeX in PDF mode is not detected.
)
(/usr/share/texlive/texmf-dist/tex/generic/oberdiek/ifvtex.sty
Package: ifvtex 2010/03/01 v1.5 Detect VTeX and its facilities (HO)
Package ifvtex Info: VTeX not detected.
)
(/usr/share/texlive/texmf-dist/tex/generic/ifxetex/ifxetex.sty
Package: ifxetex 2010/09/12 v0.6 Provides ifxetex conditional
)
\Gm@cnth=\count89
\Gm@cntv=\count90
\c@Gm@tempcnt=\count91
\Gm@bindingoffset=\dimen103
\Gm@wd@mp=\dimen104
\Gm@odd@mp=\dimen105
\Gm@even@mp=\dimen106
\Gm@layoutwidth=\dimen107
\Gm@layoutheight=\dimen108
\Gm@layouthoffset=\dimen109
\Gm@layoutvoffset=\dimen110
\Gm@dimlist=\toks15
)
(/usr/share/texlive/texmf-dist/tex/latex/ms/ragged2e.sty
Package: ragged2e 2009/05/21 v2.1 ragged2e Package (MS)

(/usr/share/texlive/texmf-dist/tex/latex/ms/everysel.sty
Package: everysel 2011/10/28 v1.2 EverySelectfont Package (MS)
)
\CenteringLeftskip=\skip43
\RaggedLeftLeftskip=\skip44
\RaggedRightLeftskip=\skip45
\CenteringRightskip=\skip46
\RaggedLeftRightskip=\skip47
\RaggedRightRightskip=\skip48
\CenteringParfillskip=\skip49
\RaggedLeftParfillskip=\skip50
\RaggedRightParfillskip=\skip51
\JustifyingParfillskip=\skip52
\CenteringParindent=\skip53
\RaggedLeftParindent=\skip54
\RaggedRightParindent=\skip55
\JustifyingParindent=\skip56
)
(/usr/share/texlive/texmf-dist/tex/latex/graphics/graphicx.sty
Package: graphicx 2014/10/28 v1.0g Enhanced LaTeX Graphics (DPC,SPQR)

(/usr/share/texlive/texmf-dist/tex/latex/graphics/graphics.sty
Package: graphics 2016/01/03 v1.0q Standard LaTeX Graphics (DPC,SPQR)

(/usr/share/texlive/texmf-dist/tex/latex/graphics/trig.sty
Package: trig 2016/01/03 v1.10 sin cos tan (DPC)
)
(/usr/share/texlive/texmf-dist/tex/latex/latexconfig/graphics.cfg
File: graphics.cfg 2010/04/23 v1.9 graphics configuration of TeX Live
)
Package graphics Info: Driver file: xetex.def on input line 95.

(/usr/share/texlive/texmf-dist/tex/xelatex/xetex-def/xetex.def
File: xetex.def 2015/09/11 v4.06 LaTeX color/graphics driver for XeTeX (TeX Liv
e/RRM/JK)

(/usr/share/texlive/texmf-dist/tex/generic/oberdiek/infwarerr.sty
Package: infwarerr 2010/04/08 v1.3 Providing info/warning/error messages (HO)
)
(/usr/share/texlive/texmf-dist/tex/generic/oberdiek/ltxcmds.sty
Package: ltxcmds 2011/11/09 v1.22 LaTeX kernel commands for general use (HO)
)))
\Gin@req@height=\dimen111
\Gin@req@width=\dimen112
)
(/usr/share/texlive/texmf-dist/tex/latex/base/fixltx2e.sty
Package: fixltx2e 2015/06/22 v2.0b fixes to LaTeX (obsolete)


Package fixltx2e Warning: fixltx2e is not required with releases after 2015
(fixltx2e)                All fixes are now in the LaTeX kernel.
(fixltx2e)                See the latexrelease package for details.

) (/usr/share/texlive/texmf-dist/tex/latex/lettrine/lettrine.sty
File: lettrine.sty 2015/08/31 v1.9 (Daniel Flipo)
\c@DefaultLines=\count92
\c@DefaultDepth=\count93
\DefaultFindent=\dimen113
\DefaultNindent=\dimen114
\DefaultSlope=\dimen115
\DiscardVskip=\dimen116
\L@lbox=\box26
\L@tbox=\box27
\c@L@lines=\count94
\c@L@depth=\count95
\L@Pindent=\dimen117
\L@Findent=\dimen118
\L@Nindent=\dimen119
\L@lraise=\dimen120
\L@first=\dimen121
\L@next=\dimen122
\L@slope=\dimen123
\L@height=\dimen124
\L@novskip=\dimen125
\LettrineWidth=\dimen126
\LettrineHeight=\dimen127
\LettrineDepth=\dimen128

Loading lettrine.cfg
(/usr/share/texlive/texmf-dist/tex/latex/lettrine/lettrine.cfg))
(/usr/share/texlive/texmf-dist/tex/latex/setspace/setspace.sty
Package: setspace 2011/12/19 v6.7a set line spacing
)
(/usr/share/texlive/texmf-dist/tex/latex/tools/verbatim.sty
Package: verbatim 2014/10/28 v1.5q LaTeX2e package for verbatim enhancements
\every@verbatim=\toks16
\verbatim@line=\toks17
\verbatim@in@stream=\read1
)
(/usr/share/texlive/texmf-dist/tex/latex/tools/bm.sty
Package: bm 2014/10/28 v1.1c Bold Symbol Support (DPC/FMi)
\symboldoperators=\mathgroup4
\symboldletters=\mathgroup5
\symboldsymbols=\mathgroup6
LaTeX Font Info:    Redeclaring math alphabet \mathbf on input line 141.
LaTeX Info: Redefining \bm on input line 207.
)
(/usr/share/texlive/texmf-dist/tex/latex/amsmath/amsmath.sty
Package: amsmath 2016/03/03 v2.15a AMS math features
\@mathmargin=\skip57

For additional information on amsmath, use the `?' option.
(/usr/share/texlive/texmf-dist/tex/latex/amsmath/amstext.sty
Package: amstext 2000/06/29 v2.01 AMS text

(/usr/share/texlive/texmf-dist/tex/latex/amsmath/amsgen.sty
File: amsgen.sty 1999/11/30 v2.0 generic functions
\@emptytoks=\toks18
\ex@=\dimen129
))
(/usr/share/texlive/texmf-dist/tex/latex/amsmath/amsbsy.sty
Package: amsbsy 1999/11/29 v1.2d Bold Symbols
LaTeX Info: Redefining \boldsymbol on input line 28.
\pmbraise@=\dimen130
)
(/usr/share/texlive/texmf-dist/tex/latex/amsmath/amsopn.sty
Package: amsopn 1999/12/14 v2.01 operator names
)
\inf@bad=\count96
LaTeX Info: Redefining \frac on input line 199.
\uproot@=\count97
\leftroot@=\count98
LaTeX Info: Redefining \overline on input line 297.
\classnum@=\count99
\DOTSCASE@=\count100
LaTeX Info: Redefining \ldots on input line 394.
LaTeX Info: Redefining \dots on input line 397.
LaTeX Info: Redefining \cdots on input line 518.
\Mathstrutbox@=\box28
\strutbox@=\box29
\big@size=\dimen131
LaTeX Font Info:    Redeclaring font encoding OML on input line 630.
LaTeX Font Info:    Redeclaring font encoding OMS on input line 631.
\macc@depth=\count101
\c@MaxMatrixCols=\count102
\dotsspace@=\muskip10
\c@parentequation=\count103
\dspbrk@lvl=\count104
\tag@help=\toks19
\row@=\count105
\column@=\count106
\maxfields@=\count107
\andhelp@=\toks20
\eqnshift@=\dimen132
\alignsep@=\dimen133
\tagshift@=\dimen134
\tagwidth@=\dimen135
\totwidth@=\dimen136
\lineht@=\dimen137
\@envbody=\toks21
\multlinegap=\skip58
\multlinetaggap=\skip59
\mathdisplay@stack=\toks22
LaTeX Info: Redefining \[ on input line 2735.
LaTeX Info: Redefining \] on input line 2736.
)
(/usr/share/texlive/texmf-dist/tex/latex/amscls/amsthm.sty
Package: amsthm 2015/03/04 v2.20.2
\thm@style=\toks23
\thm@bodyfont=\toks24
\thm@headfont=\toks25
\thm@notefont=\toks26
\thm@headpunct=\toks27
\thm@preskip=\skip60
\thm@postskip=\skip61
\thm@headsep=\skip62
\dth@everypar=\toks28
)
(/usr/share/texlive/texmf-dist/tex/latex/bigfoot/perpage.sty
Package: perpage 2014/10/25 2.0 Reset/sort counters per page
\c@abspage=\count108
)
\c@pp@a@footnote=\count109

(/usr/share/texlive/texmf-dist/tex/latex/graphics/color.sty
Package: color 2016/01/03 v1.1b Standard LaTeX Color (DPC)

(/usr/share/texlive/texmf-dist/tex/latex/latexconfig/color.cfg
File: color.cfg 2007/01/18 v1.5 color configuration of teTeX/TeXLive
)
Package color Info: Driver file: xetex.def on input line 143.
)
(/usr/share/texlive/texmf-dist/tex/latex/xcolor/xcolor.sty
Package: xcolor 2007/01/21 v2.11 LaTeX color extensions (UK)

(/usr/share/texlive/texmf-dist/tex/latex/latexconfig/color.cfg
File: color.cfg 2007/01/18 v1.5 color configuration of teTeX/TeXLive
)
Package xcolor Info: Driver file: xetex.def on input line 225.
LaTeX Info: Redefining \color on input line 702.
Package xcolor Info: Model `cmy' substituted by `cmy0' on input line 1337.
Package xcolor Info: Model `RGB' extended on input line 1353.
Package xcolor Info: Model `HTML' substituted by `rgb' on input line 1355.
Package xcolor Info: Model `Hsb' substituted by `hsb' on input line 1356.
Package xcolor Info: Model `tHsb' substituted by `hsb' on input line 1357.
Package xcolor Info: Model `HSB' substituted by `hsb' on input line 1358.
Package xcolor Info: Model `Gray' substituted by `gray' on input line 1359.
Package xcolor Info: Model `wave' substituted by `hsb' on input line 1360.
)
(/usr/share/texlive/texmf-dist/tex/latex/hyperref/hyperref.sty
Package: hyperref 2012/11/06 v6.83m Hypertext links for LaTeX

(/usr/share/texlive/texmf-dist/tex/generic/oberdiek/hobsub-hyperref.sty
Package: hobsub-hyperref 2012/05/28 v1.13 Bundle oberdiek, subset hyperref (HO)


(/usr/share/texlive/texmf-dist/tex/generic/oberdiek/hobsub-generic.sty
Package: hobsub-generic 2012/05/28 v1.13 Bundle oberdiek, subset generic (HO)
Package: hobsub 2012/05/28 v1.13 Construct package bundles (HO)
Package hobsub Info: Skipping package `infwarerr' (already loaded).
Package hobsub Info: Skipping package `ltxcmds' (already loaded).
Package: ifluatex 2010/03/01 v1.3 Provides the ifluatex switch (HO)
Package ifluatex Info: LuaTeX not detected.
Package hobsub Info: Skipping package `ifvtex' (already loaded).
Package: intcalc 2007/09/27 v1.1 Expandable calculations with integers (HO)
Package hobsub Info: Skipping package `ifpdf' (already loaded).
Package: etexcmds 2011/02/16 v1.5 Avoid name clashes with e-TeX commands (HO)
Package etexcmds Info: Could not find \expanded.
(etexcmds)             That can mean that you are not using pdfTeX 1.50 or
(etexcmds)             that some package has redefined \expanded.
(etexcmds)             In the latter case, load this package earlier.
Package: kvsetkeys 2012/04/25 v1.16 Key value parser (HO)
Package: kvdefinekeys 2011/04/07 v1.3 Define keys (HO)
Package: pdftexcmds 2011/11/29 v0.20 Utility functions of pdfTeX for LuaTeX (HO
)
Package pdftexcmds Info: LuaTeX not detected.
Package pdftexcmds Info: pdfTeX >= 1.30 not detected.
Package pdftexcmds Info: \pdf@primitive is available.
Package pdftexcmds Info: \pdf@ifprimitive is available.
Package pdftexcmds Info: \pdfdraftmode not found.
Package: pdfescape 2011/11/25 v1.13 Implements pdfTeX's escape features (HO)
Package: bigintcalc 2012/04/08 v1.3 Expandable calculations on big integers (HO
)
Package: bitset 2011/01/30 v1.1 Handle bit-vector datatype (HO)
Package: uniquecounter 2011/01/30 v1.2 Provide unlimited unique counter (HO)
)
Package hobsub Info: Skipping package `hobsub' (already loaded).
Package: letltxmacro 2010/09/02 v1.4 Let assignment for LaTeX macros (HO)
Package: hopatch 2012/05/28 v1.2 Wrapper for package hooks (HO)
Package: xcolor-patch 2011/01/30 xcolor patch
Package: atveryend 2011/06/30 v1.8 Hooks at the very end of document (HO)
Package: atbegshi 2011/10/05 v1.16 At begin shipout hook (HO)
Package: refcount 2011/10/16 v3.4 Data extraction from label references (HO)
Package: hycolor 2011/01/30 v1.7 Color options for hyperref/bookmark (HO)
)
(/usr/share/texlive/texmf-dist/tex/latex/oberdiek/auxhook.sty
Package: auxhook 2011/03/04 v1.3 Hooks for auxiliary files (HO)
)
(/usr/share/texlive/texmf-dist/tex/latex/oberdiek/kvoptions.sty
Package: kvoptions 2011/06/30 v3.11 Key value format for package options (HO)
)
\@linkdim=\dimen138
\Hy@linkcounter=\count110
\Hy@pagecounter=\count111

(/usr/share/texlive/texmf-dist/tex/latex/hyperref/pd1enc.def
File: pd1enc.def 2012/11/06 v6.83m Hyperref: PDFDocEncoding definition (HO)
)
\Hy@SavedSpaceFactor=\count112

(/usr/share/texlive/texmf-dist/tex/latex/latexconfig/hyperref.cfg
File: hyperref.cfg 2002/06/06 v1.2 hyperref configuration of TeXLive
)
Package hyperref Info: Hyper figures OFF on input line 4443.
Package hyperref Info: Link nesting OFF on input line 4448.
Package hyperref Info: Hyper index ON on input line 4451.
Package hyperref Info: Plain pages OFF on input line 4458.
Package hyperref Info: Backreferencing OFF on input line 4463.
Package hyperref Info: Implicit mode ON; LaTeX internals redefined.
Package hyperref Info: Bookmarks ON on input line 4688.
\c@Hy@tempcnt=\count113

(/usr/share/texlive/texmf-dist/tex/latex/url/url.sty
\Urlmuskip=\muskip11
Package: url 2013/09/16  ver 3.4  Verb mode for urls, etc.
)
LaTeX Info: Redefining \url on input line 5041.
\XeTeXLinkMargin=\dimen139
\Fld@menulength=\count114
\Field@Width=\dimen140
\Fld@charsize=\dimen141
Package hyperref Info: Hyper figures OFF on input line 6295.
Package hyperref Info: Link nesting OFF on input line 6300.
Package hyperref Info: Hyper index ON on input line 6303.
Package hyperref Info: backreferencing OFF on input line 6310.
Package hyperref Info: Link coloring OFF on input line 6315.
Package hyperref Info: Link coloring with OCG OFF on input line 6320.
Package hyperref Info: PDF/A mode OFF on input line 6325.
LaTeX Info: Redefining \ref on input line 6365.
LaTeX Info: Redefining \pageref on input line 6369.
\Hy@abspage=\count115
\c@Item=\count116
\c@Hfootnote=\count117
)

Package hyperref Message: Driver (autodetected): hxetex.

(/usr/share/texlive/texmf-dist/tex/latex/hyperref/hxetex.def
File: hxetex.def 2012/11/06 v6.83m Hyperref driver for XeTeX

(/usr/share/texlive/texmf-dist/tex/latex/hyperref/puenc.def
File: puenc.def 2012/11/06 v6.83m Hyperref: PDF Unicode definition (HO)
)
(/usr/share/texlive/texmf-dist/tex/generic/oberdiek/stringenc.sty
Package: stringenc 2011/12/02 v1.10 Convert strings between diff. encodings (HO
)
)
\pdfm@box=\box30
\c@Hy@AnnotLevel=\count118
\HyField@AnnotCount=\count119
\Fld@listcount=\count120
\c@bookmark@seq@number=\count121

(/usr/share/texlive/texmf-dist/tex/latex/oberdiek/rerunfilecheck.sty
Package: rerunfilecheck 2011/04/15 v1.7 Rerun checks for auxiliary files (HO)
Package rerunfilecheck Info: Feature \pdfmdfivesum is not available
(rerunfilecheck)             (e.g. pdfTeX or LuaTeX with package `pdftexcmds').

(rerunfilecheck)             Therefore file contents cannot be checked efficien
tly
(rerunfilecheck)             and the loading of the package is aborted.
)
\Hy@SectionHShift=\skip63
)
(/usr/share/texlive/texmf-dist/tex/latex/amsfonts/amssymb.sty
Package: amssymb 2013/01/14 v3.01 AMS font symbols

(/usr/share/texlive/texmf-dist/tex/latex/amsfonts/amsfonts.sty
Package: amsfonts 2013/01/14 v3.01 Basic AMSFonts support
\symAMSa=\mathgroup7
\symAMSb=\mathgroup8
LaTeX Font Info:    Overwriting math alphabet `\mathfrak' in version `bold'
(Font)                  U/euf/m/n --> U/euf/b/n on input line 106.
))
(/usr/share/texlive/texmf-dist/tex/xelatex/mathspec/mathspec.sty
Package: mathspec 2009/09/30 v0.2 LaTeX Package (Mathematics font selection for
 XeLaTeX)

(/usr/share/texlive/texmf-dist/tex/latex/fontspec/fontspec.sty
(/usr/share/texlive/texmf-dist/tex/latex/l3kernel/expl3.sty
Package: expl3 2016/01/19 v6377 L3 programming layer (loader) 

(/usr/share/texlive/texmf-dist/tex/latex/l3kernel/expl3-code.tex
Package: expl3 2016/01/19 v6377 L3 programming layer (code)
L3 Module: l3bootstrap 2016/01/01 v6339 L3 Bootstrap code
L3 Module: l3names 2015/12/21 v6328 L3 Namespace for primitives
L3 Module: l3basics 2015/11/22 v6315 L3 Basic definitions
L3 Module: l3expan 2015/09/10 v5983 L3 Argument expansion
L3 Module: l3tl 2015/09/29 v6121 L3 Token lists
L3 Module: l3str 2016/01/03 v6357 L3 Strings
L3 Module: l3seq 2015/08/05 v5777 L3 Sequences and stacks
L3 Module: l3int 2016/01/05 v6366 L3 Integers
\c_max_int=\count122
\l_tmpa_int=\count123
\l_tmpb_int=\count124
\g_tmpa_int=\count125
\g_tmpb_int=\count126
L3 Module: l3quark 2015/08/17 v5855 L3 Quarks
L3 Module: l3prg 2015/11/01 v6216 L3 Control structures
\g__prg_map_int=\count127
L3 Module: l3clist 2015/09/02 v5901 L3 Comma separated lists
L3 Module: l3token 2015/11/11 v6249 L3 Experimental token manipulation
L3 Module: l3prop 2016/01/05 v6366 L3 Property lists
L3 Module: l3msg 2015/09/28 v6113 L3 Messages
L3 Module: l3file 2015/12/03 v6317 L3 File and I/O operations
\l_iow_line_count_int=\count128
\l__iow_target_count_int=\count129
\l__iow_current_line_int=\count130
\l__iow_current_word_int=\count131
\l__iow_current_indentation_int=\count132
L3 Module: l3skip 2016/01/05 v6366 L3 Dimensions and skips
\c_zero_dim=\dimen142
\c_max_dim=\dimen143
\l_tmpa_dim=\dimen144
\l_tmpb_dim=\dimen145
\g_tmpa_dim=\dimen146
\g_tmpb_dim=\dimen147
\c_zero_skip=\skip64
\c_max_skip=\skip65
\l_tmpa_skip=\skip66
\l_tmpb_skip=\skip67
\g_tmpa_skip=\skip68
\g_tmpb_skip=\skip69
\c_zero_muskip=\muskip12
\c_max_muskip=\muskip13
\l_tmpa_muskip=\muskip14
\l_tmpb_muskip=\muskip15
\g_tmpa_muskip=\muskip16
\g_tmpb_muskip=\muskip17
L3 Module: l3keys 2015/11/17 v6284 L3 Key-value interfaces
\g__keyval_level_int=\count133
\l_keys_choice_int=\count134
L3 Module: l3fp 2015/08/25 v5890 L3 Floating points
\c__fp_leading_shift_int=\count135
\c__fp_middle_shift_int=\count136
\c__fp_trailing_shift_int=\count137
\c__fp_big_leading_shift_int=\count138
\c__fp_big_middle_shift_int=\count139
\c__fp_big_trailing_shift_int=\count140
\c__fp_Bigg_leading_shift_int=\count141
\c__fp_Bigg_middle_shift_int=\count142
\c__fp_Bigg_trailing_shift_int=\count143
L3 Module: l3box 2015/08/09 v5822 L3 Experimental boxes
\c_empty_box=\box31
\l_tmpa_box=\box32
\l_tmpb_box=\box33
\g_tmpa_box=\box34
\g_tmpb_box=\box35
L3 Module: l3coffins 2015/08/06 v5789 L3 Coffin code layer
\l__coffin_internal_box=\box36
\l__coffin_internal_dim=\dimen148
\l__coffin_offset_x_dim=\dimen149
\l__coffin_offset_y_dim=\dimen150
\l__coffin_x_dim=\dimen151
\l__coffin_y_dim=\dimen152
\l__coffin_x_prime_dim=\dimen153
\l__coffin_y_prime_dim=\dimen154
\c_empty_coffin=\box37
\l__coffin_aligned_coffin=\box38
\l__coffin_aligned_internal_coffin=\box39
\l_tmpa_coffin=\box40
\l_tmpb_coffin=\box41
\l__coffin_display_coffin=\box42
\l__coffin_display_coord_coffin=\box43
\l__coffin_display_pole_coffin=\box44
\l__coffin_display_offset_dim=\dimen155
\l__coffin_display_x_dim=\dimen156
\l__coffin_display_y_dim=\dimen157
L3 Module: l3color 2014/08/23 v5354 L3 Experimental color support
L3 Module: l3sys 2015/09/25 v6087 L3 Experimental system/runtime functions
L3 Module: l3candidates 2016/01/14 v6376 L3 Experimental additions to l3kernel
\l__box_top_dim=\dimen158
\l__box_bottom_dim=\dimen159
\l__box_left_dim=\dimen160
\l__box_right_dim=\dimen161
\l__box_top_new_dim=\dimen162
\l__box_bottom_new_dim=\dimen163
\l__box_left_new_dim=\dimen164
\l__box_right_new_dim=\dimen165
\l__box_internal_box=\box45
\l__coffin_bounding_shift_dim=\dimen166
\l__coffin_left_corner_dim=\dimen167
\l__coffin_right_corner_dim=\dimen168
\l__coffin_bottom_corner_dim=\dimen169
\l__coffin_top_corner_dim=\dimen170
\l__coffin_scaled_total_height_dim=\dimen171
\l__coffin_scaled_width_dim=\dimen172
L3 Module: l3luatex 2015/11/11 v6250 L3 Experimental LuaTeX-specific functions
)
(/usr/share/texlive/texmf-dist/tex/latex/l3kernel/l3xdvipdfmx.def
File: l3xdvidpfmx.def 2015/11/11 v6250 L3 Experimental driver: xdvipdfmx
))
(/usr/share/texlive/texmf-dist/tex/latex/l3packages/xparse/xparse.sty
Package: xparse 2016/01/19 v6377 L3 Experimental document command parser
\l__xparse_current_arg_int=\count144
\l__xparse_m_args_int=\count145
\l__xparse_mandatory_args_int=\count146
\l__xparse_processor_int=\count147
\l__xparse_v_nesting_int=\count148
)
Package: fontspec 2016/02/01 v2.5a Font selection for XeLaTeX and LuaLaTeX

(/usr/share/texlive/texmf-dist/tex/latex/fontspec/fontspec-xetex.sty
Package: fontspec-xetex 2016/02/01 v2.5a Font selection for XeLaTeX and LuaLaTe
X
\l_fontspec_script_int=\count149
\l_fontspec_language_int=\count150
\l_fontspec_strnum_int=\count151
\l__fontspec_tmpa_dim=\dimen173
\l__fontspec_tmpb_dim=\dimen174
\l__fontspec_tmpc_dim=\dimen175
\g__file_internal_ior=\read2

(/usr/share/texlive/texmf-dist/tex/latex/base/fontenc.sty
Package: fontenc 2005/09/27 v1.99g Standard LaTeX package

(/usr/share/texlive/texmf-dist/tex/latex/euenc/eu1enc.def
File: eu1enc.def 2010/05/27 v0.1h Experimental Unicode font encodings
)
LaTeX Font Info:    Try loading font information for EU1+lmr on input line 105.


(/usr/share/texlive/texmf-dist/tex/latex/euenc/eu1lmr.fd
File: eu1lmr.fd 2009/10/30 v1.6 Font defs for Latin Modern
))
(/usr/share/texlive/texmf-dist/tex/xelatex/xunicode/xunicode.sty
File: xunicode.sty 2011/09/09 v0.981 provides access to latin accents and many 
other characters in Unicode lower plane

(/usr/share/texmf/tex/latex/tipa/t3enc.def
File: t3enc.def 2001/12/31 T3 encoding
LaTeX Font Info:    Try loading font information for EU1+lmss on input line 357
.

(/usr/share/texlive/texmf-dist/tex/latex/euenc/eu1lmss.fd
File: eu1lmss.fd 2009/10/30 v1.6 Font defs for Latin Modern
))
\tipaTiiicode=\count152
\tipasavetokens=\toks29
\tipachecktokens=\toks30
)
.................................................
. LaTeX info: "xparse/define-command"
. 
. Defining command \__fontspec_post_arg:w with sig. 'mmO{}' on line 353.
.................................................
.................................................
. LaTeX info: "xparse/define-command"
. 
. Defining command \fontspec with sig. 'om' on line 355.
.................................................
.................................................
. LaTeX info: "xparse/define-command"
. 
. Defining command \setmainfont with sig. 'om' on line 365.
.................................................
.................................................
. LaTeX info: "xparse/define-command"
. 
. Defining command \setsansfont with sig. 'om' on line 375.
.................................................
.................................................
. LaTeX info: "xparse/define-command"
. 
. Defining command \setmonofont with sig. 'om' on line 385.
.................................................
.................................................
. LaTeX info: "xparse/define-command"
. 
. Defining command \setmathrm with sig. 'om' on line 399.
.................................................
.................................................
. LaTeX info: "xparse/define-command"
. 
. Defining command \setboldmathrm with sig. 'om' on line 407.
.................................................
.................................................
. LaTeX info: "xparse/define-command"
. 
. Defining command \setmathsf with sig. 'om' on line 415.
.................................................
.................................................
. LaTeX info: "xparse/define-command"
. 
. Defining command \setmathtt with sig. 'om' on line 423.
.................................................
.................................................
. LaTeX info: "xparse/define-command"
. 
. Defining command \newfontfamily with sig. 'mom' on line 437.
.................................................
.................................................
. LaTeX info: "xparse/define-command"
. 
. Defining command \newfontface with sig. 'mom' on line 453.
.................................................
.................................................
. LaTeX info: "xparse/define-command"
. 
. Defining command \defaultfontfeatures with sig. 't+om' on line 467.
.................................................
.................................................
. LaTeX info: "xparse/define-command"
. 
. Defining command \addfontfeatures with sig. 'm' on line 529.
.................................................
.................................................
. LaTeX info: "xparse/define-command"
. 
. Defining command \newfontfeature with sig. 'mm' on line 540.
.................................................
.................................................
. LaTeX info: "xparse/define-command"
. 
. Defining command \newAATfeature with sig. 'mmmm' on line 548.
.................................................
.................................................
. LaTeX info: "xparse/define-command"
. 
. Defining command \newopentypefeature with sig. 'mmm' on line 556.
.................................................
.................................................
. LaTeX info: "xparse/define-command"
. 
. Defining command \aliasfontfeature with sig. 'mm' on line 577.
.................................................
.................................................
. LaTeX info: "xparse/define-command"
. 
. Defining command \aliasfontfeatureoption with sig. 'mmm' on line 586.
.................................................
.................................................
. LaTeX info: "xparse/define-command"
. 
. Defining command \newfontscript with sig. 'mm' on line 590.
.................................................
.................................................
. LaTeX info: "xparse/define-command"
. 
. Defining command \newfontlanguage with sig. 'mm' on line 594.
.................................................
.................................................
. LaTeX info: "xparse/define-command"
. 
. Defining command \DeclareFontsExtensions with sig. 'm' on line 599.
.................................................
\l__fontspec_tmp_int=\count153

(/usr/share/texlive/texmf-dist/tex/latex/fontspec/fontspec.cfg)
LaTeX Info: Redefining \itshape on input line 2705.
LaTeX Info: Redefining \slshape on input line 2710.
LaTeX Info: Redefining \scshape on input line 2715.
LaTeX Info: Redefining \upshape on input line 2720.
\l__fontspec_em_int=\count154
\l__fontspec_emdef_int=\count155
LaTeX Info: Redefining \em on input line 2736.
LaTeX Info: Redefining \emph on input line 2742.
LaTeX Info: Redefining \- on input line 2746.
.................................................
. LaTeX info: "xparse/redefine-command"
. 
. Redefining command \oldstylenums with sig. 'm' on line 2841.
.................................................
.................................................
. LaTeX info: "xparse/define-command"
. 
. Defining command \liningnums with sig. 'm' on line 2845.
.................................................
))
(/usr/share/texlive/texmf-dist/tex/latex/xkeyval/xkeyval.sty
Package: xkeyval 2014/12/03 v2.7a package option processing (HA)

(/usr/share/texlive/texmf-dist/tex/generic/xkeyval/xkeyval.tex
(/usr/share/texlive/texmf-dist/tex/generic/xkeyval/xkvutils.tex
\XKV@toks=\toks31
\XKV@tempa@toks=\toks32
)
\XKV@depth=\count156
File: xkeyval.tex 2014/12/03 v2.7a key=value parser (HA)
))
\c@eu@=\count157
\c@eu@i=\count158
\c@mkern=\count159
)
\g__fontspec_family_EBGaramond_int=\count160
.................................................
. fontspec info: "no-font-shape"
. 
. Could not resolve font EB Garamond/B (it probably doesn't exist).
.................................................
.................................................
. fontspec info: "defining-font"
. 
. Font family 'EBGaramond(0)' created for font 'EB Garamond' with options
. [Numbers={Lining,Proportional}].
. 
. This font family consists of the following NFSS series/shapes:
. - 'normal' (m/n) with NFSS spec.: <->"EB
. Garamond/OT:script=latn;language=DFLT;+lnum;+pnum;"
. - 'small caps'  (m/sc) with NFSS spec.: <->"EB
. Garamond/OT:script=latn;language=DFLT;+lnum;+pnum;+smcp;"- 'italic' (m/it)
. with NFSS spec.: <->"EB
. Garamond/I/OT:script=latn;language=DFLT;+lnum;+pnum;"
. - 'italic small caps'  (m/itsc) with NFSS spec.: <->"EB
. Garamond/I/OT:script=latn;language=DFLT;+lnum;+pnum;+smcp;"- 'bold italic'
. (bx/it) with NFSS spec.: <->"EB
. Garamond/BI/OT:script=latn;language=DFLT;+lnum;+pnum;"
. - 'bold italic small caps'  (bx/itsc) with NFSS spec.: <->"EB
. Garamond/BI/OT:script=latn;language=DFLT;+lnum;+pnum;+smcp;"
.................................................
\symDigits:m:n=\mathgroup9
\symLatin:m:n=\mathgroup10
\symLatin:m:it=\mathgroup11
\symGreek:m:n=\mathgroup12
\symGreek:m:it=\mathgroup13
.................................................
. fontspec info: "no-font-shape"
. 
. Could not resolve font EB Garamond/B (it probably doesn't exist).
.................................................
.................................................
. fontspec info: "defining-font"
. 
. Font family 'EBGaramond(1)' created for font 'EB Garamond' with options [].
. 
. This font family consists of the following NFSS series/shapes:
. - 'normal' (m/n) with NFSS spec.: <->"EB
. Garamond/OT:script=latn;language=DFLT;"
. - 'small caps'  (m/sc) with NFSS spec.: <->"EB
. Garamond/OT:script=latn;language=DFLT;+smcp;"- 'italic' (m/it) with NFSS
. spec.: <->"EB Garamond/I/OT:script=latn;language=DFLT;"
. - 'italic small caps'  (m/itsc) with NFSS spec.: <->"EB
. Garamond/I/OT:script=latn;language=DFLT;+smcp;"- 'bold italic' (bx/it) with
. NFSS spec.: <->"EB Garamond/BI/OT:script=latn;language=DFLT;"
. - 'bold italic small caps'  (bx/itsc) with NFSS spec.: <->"EB
. Garamond/BI/OT:script=latn;language=DFLT;+smcp;"
.................................................
LaTeX Font Info:    Redeclaring math alphabet \mathrm on input line 92.
LaTeX Font Info:    Overwriting math alphabet `\mathrm' in version `bold'
(Font)                  EU1/EBGaramond(1)/m/n --> EU1/EBGaramond(1)/bx/n on inp
ut line 92.
LaTeX Font Info:    Redeclaring math alphabet \mathit on input line 92.
LaTeX Font Info:    Overwriting math alphabet `\mathit' in version `normal'
(Font)                  OT1/cmr/m/it --> EU1/EBGaramond(1)/m/it on input line 9
2.
LaTeX Font Info:    Overwriting math alphabet `\mathit' in version `bold'
(Font)                  OT1/cmr/bx/it --> EU1/EBGaramond(1)/m/it on input line 
92.
LaTeX Font Info:    Redeclaring math alphabet \mathbf on input line 92.
LaTeX Font Info:    Overwriting math alphabet `\mathit' in version `bold'
(Font)                  EU1/EBGaramond(1)/m/it --> EU1/EBGaramond(1)/bx/it on i
nput line 92.
\symOperators:m:n=\mathgroup14
.................................................
. fontspec info: "no-font-shape"
. 
. Could not resolve font EB Garamond/B (it probably doesn't exist).
.................................................
.................................................
. fontspec info: "defining-font"
. 
. Font family 'EBGaramond(2)' created for font 'EB Garamond' with options
. [Ligatures=TeX,Numbers=OldStyle,Ligatures={Common, TeX},Scale=1.0].
. 
. This font family consists of the following NFSS series/shapes:
. - 'normal' (m/n) with NFSS spec.: <->s*[1.0]"EB
. Garamond/OT:script=latn;language=DFLT;mapping=tex-text;+onum;+liga;mapping=te
x-text;"
. - 'small caps'  (m/sc) with NFSS spec.: <->s*[1.0]"EB
. Garamond/OT:script=latn;language=DFLT;mapping=tex-text;+onum;+liga;mapping=te
x-text;+smcp;"-
. 'italic' (m/it) with NFSS spec.: <->s*[1.0]"EB
. Garamond/I/OT:script=latn;language=DFLT;mapping=tex-text;+onum;+liga;mapping=
tex-text;"
. - 'italic small caps'  (m/itsc) with NFSS spec.: <->s*[1.0]"EB
. Garamond/I/OT:script=latn;language=DFLT;mapping=tex-text;+onum;+liga;mapping=
tex-text;+smcp;"-
. 'bold italic' (bx/it) with NFSS spec.: <->s*[1.0]"EB
. Garamond/BI/OT:script=latn;language=DFLT;mapping=tex-text;+onum;+liga;mapping
=tex-text;"
. - 'bold italic small caps'  (bx/itsc) with NFSS spec.: <->s*[1.0]"EB
. Garamond/BI/OT:script=latn;language=DFLT;mapping=tex-text;+onum;+liga;mapping
=tex-text;+smcp;"
.................................................
LaTeX Font Info:    Font shape `EU1/EBGaramond(2)/m/n' will be
(Font)              scaled to size 12.0pt on input line 96.
.................................................
. fontspec info: "no-font-shape"
. 
. Could not resolve font EB Garamond/B (it probably doesn't exist).
.................................................
.................................................
. fontspec info: "defining-font"
. 
. Font family 'EBGaramond(3)' created for font 'EB Garamond' with options
. [RawFeature={+c2sc,+scmp}].
. 
. This font family consists of the following NFSS series/shapes:
. - 'normal' (m/n) with NFSS spec.: <->"EB
. Garamond/OT:script=latn;language=DFLT;+c2sc,+scmp;"
. - 'small caps'  (m/sc) with NFSS spec.: <->"EB
. Garamond/OT:script=latn;language=DFLT;+c2sc,+scmp;+smcp;"- 'italic' (m/it)
. with NFSS spec.: <->"EB
. Garamond/I/OT:script=latn;language=DFLT;+c2sc,+scmp;"
. - 'italic small caps'  (m/itsc) with NFSS spec.: <->"EB
. Garamond/I/OT:script=latn;language=DFLT;+c2sc,+scmp;+smcp;"- 'bold italic'
. (bx/it) with NFSS spec.: <->"EB
. Garamond/BI/OT:script=latn;language=DFLT;+c2sc,+scmp;"
. - 'bold italic small caps'  (bx/itsc) with NFSS spec.: <->"EB
. Garamond/BI/OT:script=latn;language=DFLT;+c2sc,+scmp;+smcp;"
.................................................
.................................................
. fontspec info: "set-scale"
. 
. Lato Regular scale = 0.8094761101403867.
.................................................
\g__fontspec_family_LatoRegular_int=\count161
.................................................
. fontspec info: "set-scale"
. 
. Lato Regular scale = 0.8094761101403867.
.................................................
.................................................
. fontspec info: "set-scale"
. 
. Lato Bold scale = 0.7992192147531231.
.................................................
.................................................
. fontspec info: "set-scale"
. 
. Lato Regular/I scale = 0.8094761101403867.
.................................................
.................................................
. fontspec info: "set-scale"
. 
. Lato Bold/I scale = 0.7992192147531231.
.................................................
.................................................
. fontspec info: "defining-font"
. 
. Font family 'LatoRegular(0)' created for font 'Lato Regular' with options
. [Ligatures=TeX,Scale=MatchLowercase,BoldFont={Lato Bold}].
. 
. This font family consists of the following NFSS series/shapes:
. - 'normal' (m/n) with NFSS spec.: <->s*[0.8094761101403867]"Lato
. Regular/OT:script=latn;language=DFLT;mapping=tex-text;"
. - 'small caps'  (m/sc) with NFSS spec.: - 'bold' (bx/n) with NFSS spec.:
. <->s*[0.7992192147531231]"Lato
. Bold/OT:script=latn;language=DFLT;mapping=tex-text;"
. - 'bold small caps'  (bx/sc) with NFSS spec.: - 'italic' (m/it) with NFSS
. spec.: <->s*[0.8094761101403867]"Lato
. Regular/I/OT:script=latn;language=DFLT;mapping=tex-text;"
. - 'italic small caps'  (m/itsc) with NFSS spec.: - 'bold italic' (bx/it)
. with NFSS spec.: <->s*[0.7992192147531231]"Lato
. Bold/I/OT:script=latn;language=DFLT;mapping=tex-text;"
. - 'bold italic small caps'  (bx/itsc) with NFSS spec.: 
.................................................
.................................................
. fontspec info: "set-scale"
. 
. Source Code Pro scale = 0.8541671633725133.
.................................................
\g__fontspec_family_SourceCodePro_int=\count162
.................................................
. fontspec info: "no-font-shape"
. 
. Could not resolve font Source Code Pro/I (it probably doesn't exist).
.................................................
.................................................
. fontspec info: "set-scale"
. 
. Source Code Pro scale = 0.8541671633725133.
.................................................
.................................................
. fontspec info: "set-scale"
. 
. Source Code Pro/B scale = 0.8541671633725133.
.................................................
.................................................
. fontspec info: "set-scale"
. 
. Source Code Pro/BI scale = 0.8541671633725133.
.................................................
.................................................
. fontspec info: "defining-font"
. 
. Font family 'SourceCodePro(0)' created for font 'Source Code Pro' with
. options [WordSpace={1,0,0},PunctuationSpace=WordSpace,Scale=MatchLowercase].
. 
. This font family consists of the following NFSS series/shapes:
. - 'normal' (m/n) with NFSS spec.: <->s*[0.8541671633725133]"Source Code
. Pro/OT:script=latn;language=DFLT;"
. - 'small caps'  (m/sc) with NFSS spec.: 
. and font adjustment code:
. \fontdimen 2\font =1\fontdimen 2\font \fontdimen 3\font =0\fontdimen 3\font
. \fontdimen 4\font =0\fontdimen 4\font \fontdimen 7\font =0\fontdimen 2\font
. - 'bold' (bx/n) with NFSS spec.: <->s*[0.8541671633725133]"Source Code
. Pro/B/OT:script=latn;language=DFLT;"
. - 'bold small caps'  (bx/sc) with NFSS spec.: 
. and font adjustment code:
. \fontdimen 2\font =1\fontdimen 2\font \fontdimen 3\font =0\fontdimen 3\font
. \fontdimen 4\font =0\fontdimen 4\font \fontdimen 7\font =0\fontdimen 2\font
. - 'bold italic' (bx/it) with NFSS spec.: <->s*[0.8541671633725133]"Source
. Code Pro/BI/OT:script=latn;language=DFLT;"
. - 'bold italic small caps'  (bx/itsc) with NFSS spec.: 
. and font adjustment code:
. \fontdimen 2\font =1\fontdimen 2\font \fontdimen 3\font =0\fontdimen 3\font
. \fontdimen 4\font =0\fontdimen 4\font \fontdimen 7\font =0\fontdimen 2\font 
.................................................

(/usr/share/texlive/texmf-dist/tex/latex/caption/caption.sty
Package: caption 2016/02/21 v3.3-144 Customizing captions (AR)

(/usr/share/texlive/texmf-dist/tex/latex/caption/caption3.sty
Package: caption3 2016/02/04 v1.7-139 caption3 kernel (AR)
Package caption3 Info: TeX engine: e-TeX on input line 67.
\captionmargin=\dimen176
\captionmargin@=\dimen177
\captionwidth=\dimen178
\caption@tempdima=\dimen179
\caption@indent=\dimen180
\caption@parindent=\dimen181
\caption@hangindent=\dimen182
)
Package caption Info: We need package `newfloat' on input line 292.

(/usr/share/texlive/texmf-dist/tex/latex/caption/newfloat.sty
Package: newfloat 2015/09/17 v1.1-109 Defining new floating environments (AR)
)
\c@ContinuedFloat=\count163
Package caption Info: hyperref package is loaded.
)
(/usr/share/texlive/texmf-dist/tex/latex/microtype/microtype.sty
Package: microtype 2013/05/23 v2.5a Micro-typographical refinements (RS)
\MT@toks=\toks33
\MT@count=\count164
LaTeX Info: Redefining \textls on input line 766.
\MT@outer@kern=\dimen183
LaTeX Info: Redefining \textmicrotypecontext on input line 1285.
\MT@listname@count=\count165

(/usr/share/texlive/texmf-dist/tex/latex/microtype/microtype-xetex.def
File: microtype-xetex.def 2013/05/23 v2.5a Definitions specific to xetex (RS)
LaTeX Info: Redefining \lsstyle on input line 254.
)
Package microtype Info: Loading configuration file microtype.cfg.

(/usr/share/texlive/texmf-dist/tex/latex/microtype/microtype.cfg
File: microtype.cfg 2013/05/23 v2.5a microtype main configuration file (RS)
))
(/usr/share/texlive/texmf-dist/tex/latex/fancyhdr/fancyhdr.sty
\fancy@headwidth=\skip70
\f@ncyO@elh=\skip71
\f@ncyO@erh=\skip72
\f@ncyO@olh=\skip73
\f@ncyO@orh=\skip74
\f@ncyO@elf=\skip75
\f@ncyO@erf=\skip76
\f@ncyO@olf=\skip77
\f@ncyO@orf=\skip78
)
(/usr/share/texlive/texmf-dist/tex/latex/titlesec/titlesec.sty
Package: titlesec 2016/03/15 v2.10.1 Sectioning titles
\ttl@box=\box46
\beforetitleunit=\skip79
\aftertitleunit=\skip80
\ttl@plus=\dimen184
\ttl@minus=\dimen185
\ttl@toksa=\toks34
\titlewidth=\dimen186
\titlewidthlast=\dimen187
\titlewidthfirst=\dimen188
)
(/usr/share/texlive/texmf-dist/tex/latex/titling/titling.sty
Package: titling 2009/09/04 v2.1d maketitle typesetting
\thanksmarkwidth=\skip81
\thanksmargin=\skip82
\droptitle=\skip83
)
(/usr/share/texlive/texmf-dist/tex/latex/tocloft/tocloft.sty
Package: tocloft 2013/05/02 v2.3f parameterised ToC, etc., typesetting
Package tocloft Info: The document has chapter divisions on input line 44.
\cftparskip=\skip84
\cftbeforetoctitleskip=\skip85
\cftaftertoctitleskip=\skip86
\cftbeforepartskip=\skip87
\cftpartnumwidth=\skip88
\cftpartindent=\skip89
\cftbeforechapskip=\skip90
\cftchapindent=\skip91
\cftchapnumwidth=\skip92
\cftbeforesecskip=\skip93
\cftsecindent=\skip94
\cftsecnumwidth=\skip95
\cftbeforesubsecskip=\skip96
\cftsubsecindent=\skip97
\cftsubsecnumwidth=\skip98
\cftbeforesubsubsecskip=\skip99
\cftsubsubsecindent=\skip100
\cftsubsubsecnumwidth=\skip101
\cftbeforeparaskip=\skip102
\cftparaindent=\skip103
\cftparanumwidth=\skip104
\cftbeforesubparaskip=\skip105
\cftsubparaindent=\skip106
\cftsubparanumwidth=\skip107
\cftbeforeloftitleskip=\skip108
\cftafterloftitleskip=\skip109
\cftbeforefigskip=\skip110
\cftfigindent=\skip111
\cftfignumwidth=\skip112
\c@lofdepth=\count166
\c@lotdepth=\count167
\cftbeforelottitleskip=\skip113
\cftafterlottitleskip=\skip114
\cftbeforetabskip=\skip115
\cfttabindent=\skip116
\cfttabnumwidth=\skip117
)
(/usr/share/texlive/texmf-dist/tex/latex/appendix/appendix.sty
Package: appendix 2009/09/02 v1.2b extra appendix facilities
\c@@pps=\count168
\c@@ppsavesec=\count169
\c@@ppsaveapp=\count170
)
(/usr/share/texlive/texmf-dist/tex/latex/natbib/natbib.sty
Package: natbib 2010/09/13 8.31b (PWD, AO)
\bibhang=\skip118
\bibsep=\skip119
LaTeX Info: Redefining \cite on input line 694.
\c@NAT@ctr=\count171
)
(/usr/share/texlive/texmf-dist/tex/latex/quotchap/quotchap.sty
Package: quotchap 2012/10/20 v1.1 Decorative Chapter Headings with Quotes
\@quotebox=\box47
)
\mybibindent=\skip120
Package hyperref Info: Option `colorlinks' set `true' on input line 209.
)
(./dissertation.aux (./chapters/introduction.aux)
(./chapters/Johnson_noise_thermometry.aux

LaTeX Warning: Label `fig:auto_noise_vs_T' multiply defined.

) (./chapters/Electronic_cooling_pathways_in_graphene.aux)
(./chapters/Thermal_conductance_via_electrical_noise.aux)
(./chapters/Hydrodynamic_theory_of_transport.aux)
(./chapters/RF_cryostats_and_circuitry.aux)
(./chapters/Calibration_of_graphene_devices.aux)
(./chapters/Thermal_conductance_in_high_density_graphene.aux)
(./chapters/The_Dirac_fluid.aux) (./chapters/Magneto-thermal_transport.aux)
(./chapters/Conclusions_and_future_work.aux))
\openout1 = `dissertation.aux'.

LaTeX Font Info:    Checking defaults for OML/cmm/m/it on input line 7.
LaTeX Font Info:    ... okay on input line 7.
LaTeX Font Info:    Checking defaults for T1/cmr/m/n on input line 7.
LaTeX Font Info:    ... okay on input line 7.
LaTeX Font Info:    Checking defaults for OT1/cmr/m/n on input line 7.
LaTeX Font Info:    ... okay on input line 7.
LaTeX Font Info:    Checking defaults for OMS/cmsy/m/n on input line 7.
LaTeX Font Info:    ... okay on input line 7.
LaTeX Font Info:    Checking defaults for OMX/cmex/m/n on input line 7.
LaTeX Font Info:    ... okay on input line 7.
LaTeX Font Info:    Checking defaults for U/cmr/m/n on input line 7.
LaTeX Font Info:    ... okay on input line 7.
LaTeX Font Info:    Checking defaults for PD1/pdf/m/n on input line 7.
LaTeX Font Info:    ... okay on input line 7.
LaTeX Font Info:    Checking defaults for PU/pdf/m/n on input line 7.
LaTeX Font Info:    ... okay on input line 7.
LaTeX Font Info:    Checking defaults for EU1/lmr/m/n on input line 7.
LaTeX Font Info:    ... okay on input line 7.
LaTeX Font Info:    Checking defaults for T3/cmr/m/n on input line 7.
LaTeX Font Info:    Try loading font information for T3+cmr on input line 7.

(/usr/share/texmf/tex/latex/tipa/t3cmr.fd
File: t3cmr.fd 2001/12/31 TIPA font definitions
)
LaTeX Font Info:    ... okay on input line 7.

*geometry* driver: auto-detecting
*geometry* detected driver: xetex
*geometry* verbose mode - [ preamble ] result:
* driver: xetex
* paper: letterpaper
* layout: <same size as paper>
* layoutoffset:(h,v)=(0.0pt,0.0pt)
* modes: 
* h-part:(L,W,R)=(99.37125pt, 415.55249pt, 99.37126pt)
* v-part:(T,H,B)=(95.39737pt, 556.47656pt, 143.09605pt)
* \paperwidth=614.295pt
* \paperheight=794.96999pt
* \textwidth=415.55249pt
* \textheight=556.47656pt
* \oddsidemargin=27.10126pt
* \evensidemargin=27.10126pt
* \topmargin=-8.74641pt
* \headheight=5.0pt
* \headsep=19.8738pt
* \topskip=12.0pt
* \footskip=30.0pt
* \marginparwidth=47.0pt
* \marginparsep=7.0pt
* \columnsep=10.0pt
* \skip\footins=10.8pt plus 4.0pt minus 2.0pt
* \hoffset=0.0pt
* \voffset=0.0pt
* \mag=1000
* \@twocolumnfalse
* \@twosidefalse
* \@mparswitchfalse
* \@reversemarginfalse
* (1in=72.27pt=25.4mm, 1cm=28.453pt)

ABD: EverySelectfont initializing macros
LaTeX Info: Redefining \selectfont on input line 7.
\AtBeginShipoutBox=\box48
Package hyperref Info: Link coloring ON on input line 7.

(/usr/share/texlive/texmf-dist/tex/latex/hyperref/nameref.sty
Package: nameref 2012/10/27 v2.43 Cross-referencing by name of section

(/usr/share/texlive/texmf-dist/tex/generic/oberdiek/gettitlestring.sty
Package: gettitlestring 2010/12/03 v1.4 Cleanup title references (HO)
)
\c@section@level=\count172
)
LaTeX Info: Redefining \ref on input line 7.
LaTeX Info: Redefining \pageref on input line 7.
LaTeX Info: Redefining \nameref on input line 7.

(./dissertation.out) (./dissertation.out)
\@outlinefile=\write3
\openout3 = `dissertation.out'.

Package caption Info: Begin \AtBeginDocument code.
Package caption Info: End \AtBeginDocument code.
Package caption Info: We need package `ragged2e' on input line 7.
LaTeX Info: Redefining \microtypecontext on input line 7.
Package microtype Info: Character protrusion enabled (level 2).
Package microtype Info: Using default protrusion set `alltext'.
Package microtype Info: No adjustment of tracking.
Package microtype Info: No adjustment of spacing.
Package microtype Info: No adjustment of kerning.

(/usr/share/texlive/texmf-dist/tex/latex/ebgaramond/mt-EBGaramond.cfg
File: mt-EBGaramond.cfg 2013/05/22 v1.1 microtype config. file: EB Garamond
)
(./frontmatter/personalize.tex)
LaTeX Font Info:    Font shape `EU1/EBGaramond(2)/m/n' will be
(Font)              scaled to size 24.88pt on input line 10.
LaTeX Font Info:    Font shape `EU1/EBGaramond(2)/m/sc' will be
(Font)              scaled to size 12.0pt on input line 10.

(/usr/share/texlive/texmf-dist/tex/generic/oberdiek/se-ascii-print.def
File: se-ascii-print.def 2011/12/02 v1.10 stringenc: Printable ASCII characters

)
[1

]
LaTeX Font Info:    Font shape `EU1/EBGaramond(2)/m/sc' will be
(Font)              scaled to size 10.95pt on input line 10.
LaTeX Font Info:    Font shape `EU1/EBGaramond(2)/m/n' will be
(Font)              scaled to size 10.95pt on input line 10.
 [2]
LaTeX Font Info:    Font shape `EU1/EBGaramond(2)/m/n' will be
(Font)              scaled to size 17.28pt on input line 10.
 (./frontmatter/abstract.tex)

Package Fancyhdr Warning: \headheight is too small (5.0pt): 
 Make it at least 14.49998pt.
 We now make it that large for the rest of the document.
 This may cause the page layout to be inconsistent, however.

[3]
LaTeX Font Info:    Try loading font information for T1+ppl on input line 10.
 (/usr/share/texlive/texmf-dist/tex/latex/psnfss/t1ppl.fd
File: t1ppl.fd 2001/06/04 font definitions for T1/ppl.
)
(/usr/share/texlive/texmf-dist/tex/latex/microtype/mt-ppl.cfg
File: mt-ppl.cfg 2005/11/16 v1.6 microtype config. file: Palatino (RS)
)
(./dissertation.toc

LaTeX Font Warning: Font shape `EU1/EBGaramond(2)/bx/n' undefined
(Font)              using `EU1/EBGaramond(2)/m/n' instead on input line 1.

(/usr/share/texlive/texmf-dist/tex/latex/microtype/mt-cmr.cfg
File: mt-cmr.cfg 2013/05/19 v2.2 microtype config. file: Computer Modern Roman 
(RS)
)
LaTeX Font Info:    Try loading font information for U+msa on input line 1.

(/usr/share/texlive/texmf-dist/tex/latex/amsfonts/umsa.fd
File: umsa.fd 2013/01/14 v3.01 AMS symbols A
)
(/usr/share/texlive/texmf-dist/tex/latex/microtype/mt-msa.cfg
File: mt-msa.cfg 2006/02/04 v1.1 microtype config. file: AMS symbols (a) (RS)
)
LaTeX Font Info:    Try loading font information for U+msb on input line 1.

(/usr/share/texlive/texmf-dist/tex/latex/amsfonts/umsb.fd
File: umsb.fd 2013/01/14 v3.01 AMS symbols B
)
(/usr/share/texlive/texmf-dist/tex/latex/microtype/mt-msb.cfg
File: mt-msb.cfg 2005/06/01 v1.0 microtype config. file: AMS symbols (b) (RS)
)
Package microtype Info: Character `•' is missing
(microtype)             in font `\EU1/EBGaramond(0)/m/n/8'.
(microtype)             Ignoring protrusion settings for this character.
Package microtype Info: Character `℃' is missing
(microtype)             in font `\EU1/EBGaramond(0)/m/n/8'.
(microtype)             Ignoring protrusion settings for this character.
Package microtype Info: Character `™' is missing
(microtype)             in font `\EU1/EBGaramond(0)/m/n/8'.
(microtype)             Ignoring protrusion settings for this character.
Package microtype Info: Character `−' is missing
(microtype)             in font `\EU1/EBGaramond(0)/m/n/8'.
(microtype)             Ignoring protrusion settings for this character.
Package microtype Info: Character `•' is missing
(microtype)             in font `\EU1/EBGaramond(0)/m/n/6'.
(microtype)             Ignoring protrusion settings for this character.
Package microtype Info: Character `℃' is missing
(microtype)             in font `\EU1/EBGaramond(0)/m/n/6'.
(microtype)             Ignoring protrusion settings for this character.
Package microtype Info: Character `™' is missing
(microtype)             in font `\EU1/EBGaramond(0)/m/n/6'.
(microtype)             Ignoring protrusion settings for this character.
Package microtype Info: Character `−' is missing
(microtype)             in font `\EU1/EBGaramond(0)/m/n/6'.
(microtype)             Ignoring protrusion settings for this character.
Package microtype Info: Character `~' has a width of 0pt 
(microtype)             in font `EU1/EBGaramond(0)/m/it/8'.
(microtype)             Ignoring protrusion settings for this character.
Package microtype Info: Character `~' has a width of 0pt 
(microtype)             in font `EU1/EBGaramond(0)/m/it/6'.
(microtype)             Ignoring protrusion settings for this character.
Package microtype Info: Character `•' is missing
(microtype)             in font `\EU1/EBGaramond(1)/m/n/8'.
(microtype)             Ignoring protrusion settings for this character.
Package microtype Info: Character `℃' is missing
(microtype)             in font `\EU1/EBGaramond(1)/m/n/8'.
(microtype)             Ignoring protrusion settings for this character.
Package microtype Info: Character `™' is missing
(microtype)             in font `\EU1/EBGaramond(1)/m/n/8'.
(microtype)             Ignoring protrusion settings for this character.
Package microtype Info: Character `−' is missing
(microtype)             in font `\EU1/EBGaramond(1)/m/n/8'.
(microtype)             Ignoring protrusion settings for this character.
Package microtype Info: Character `•' is missing
(microtype)             in font `\EU1/EBGaramond(1)/m/n/6'.
(microtype)             Ignoring protrusion settings for this character.
Package microtype Info: Character `℃' is missing
(microtype)             in font `\EU1/EBGaramond(1)/m/n/6'.
(microtype)             Ignoring protrusion settings for this character.
Package microtype Info: Character `™' is missing
(microtype)             in font `\EU1/EBGaramond(1)/m/n/6'.
(microtype)             Ignoring protrusion settings for this character.
Package microtype Info: Character `−' is missing
(microtype)             in font `\EU1/EBGaramond(1)/m/n/6'.
(microtype)             Ignoring protrusion settings for this character.
LaTeX Font Info:    Font shape `EU1/EBGaramond(2)/bx/n' will be
(Font)              scaled to size 10.95pt on input line 1.
LaTeX Font Info:    Font shape `EU1/SourceCodePro(0)/m/n' will be
(Font)              scaled to size 9.35316pt on input line 32.
Package microtype Info: Loading generic settings for font family
(microtype)             `SourceCodePro' (encoding: EU1).
(microtype)             For optimal results, create family-specific settings.
(microtype)             See the microtype manual for details.


LaTeX Font Warning: Font shape `EU1/SourceCodePro(0)/m/it' undefined
(Font)              using `EU1/SourceCodePro(0)/m/n' instead on input line 32.

LaTeX Font Info:    Font shape `EU1/EBGaramond(2)/m/n' will be
(Font)              scaled to size 8.0pt on input line 32.
Package microtype Info: Character `•' is missing
(microtype)             in font `\EU1/EBGaramond(2)/m/n/8'.
(microtype)             Ignoring protrusion settings for this character.
Package microtype Info: Character `℃' is missing
(microtype)             in font `\EU1/EBGaramond(2)/m/n/8'.
(microtype)             Ignoring protrusion settings for this character.
Package microtype Info: Character `™' is missing
(microtype)             in font `\EU1/EBGaramond(2)/m/n/8'.
(microtype)             Ignoring protrusion settings for this character.
Package microtype Info: Character `−' is missing
(microtype)             in font `\EU1/EBGaramond(2)/m/n/8'.
(microtype)             Ignoring protrusion settings for this character.
LaTeX Font Info:    Font shape `EU1/EBGaramond(2)/m/n' will be
(Font)              scaled to size 6.0pt on input line 32.
Package microtype Info: Character `•' is missing
(microtype)             in font `\EU1/EBGaramond(2)/m/n/6'.
(microtype)             Ignoring protrusion settings for this character.
Package microtype Info: Character `℃' is missing
(microtype)             in font `\EU1/EBGaramond(2)/m/n/6'.
(microtype)             Ignoring protrusion settings for this character.
Package microtype Info: Character `™' is missing
(microtype)             in font `\EU1/EBGaramond(2)/m/n/6'.
(microtype)             Ignoring protrusion settings for this character.
Package microtype Info: Character `−' is missing
(microtype)             in font `\EU1/EBGaramond(2)/m/n/6'.
(microtype)             Ignoring protrusion settings for this character.
[4

])
\tf@toc=\write4
\openout4 = `dissertation.toc'.

 [5] (./frontmatter/dedication.tex) [6

] (./frontmatter/thanks.tex) [7


]
\openout2 = `chapters/introduction.aux'.


(./chapters/introduction.tex
Chapter 0.
) [1


]
\openout2 = `chapters/Johnson_noise_thermometry.aux'.

 (./chapters/Johnson_noise_thermometry.tex
LaTeX Font Info:    Font shape `EU1/EBGaramond(2)/m/n' will be
(Font)              scaled to size 10.0pt on input line 2.
LaTeX Font Info:    Font shape `EU1/EBGaramond(2)/m/sl' in size <10> not availa
ble
(Font)              Font shape `EU1/EBGaramond(2)/m/it' tried instead on input 
line 2.
LaTeX Font Info:    Font shape `EU1/EBGaramond(2)/m/it' will be
(Font)              scaled to size 10.0pt on input line 2.

Underfull \hbox (badness 10000) in paragraph at lines 3--4
[]\EU1/EBGaramond(2)/m/it/10 In theory, theory and practice are the same thing,
 but in
 []

Chapter 1.
Package microtype Info: Character `•' is missing
(microtype)             in font `\EU1/EBGaramond(0)/m/n/7'.
(microtype)             Ignoring protrusion settings for this character.
Package microtype Info: Character `℃' is missing
(microtype)             in font `\EU1/EBGaramond(0)/m/n/7'.
(microtype)             Ignoring protrusion settings for this character.
Package microtype Info: Character `™' is missing
(microtype)             in font `\EU1/EBGaramond(0)/m/n/7'.
(microtype)             Ignoring protrusion settings for this character.
Package microtype Info: Character `−' is missing
(microtype)             in font `\EU1/EBGaramond(0)/m/n/7'.
(microtype)             Ignoring protrusion settings for this character.
Package microtype Info: Character `•' is missing
(microtype)             in font `\EU1/EBGaramond(0)/m/n/5'.
(microtype)             Ignoring protrusion settings for this character.
Package microtype Info: Character `℃' is missing
(microtype)             in font `\EU1/EBGaramond(0)/m/n/5'.
(microtype)             Ignoring protrusion settings for this character.
Package microtype Info: Character `™' is missing
(microtype)             in font `\EU1/EBGaramond(0)/m/n/5'.
(microtype)             Ignoring protrusion settings for this character.
Package microtype Info: Character `−' is missing
(microtype)             in font `\EU1/EBGaramond(0)/m/n/5'.
(microtype)             Ignoring protrusion settings for this character.
Package microtype Info: Character `~' has a width of 0pt 
(microtype)             in font `EU1/EBGaramond(0)/m/it/7'.
(microtype)             Ignoring protrusion settings for this character.
Package microtype Info: Character `~' has a width of 0pt 
(microtype)             in font `EU1/EBGaramond(0)/m/it/5'.
(microtype)             Ignoring protrusion settings for this character.
Package microtype Info: Character `•' is missing
(microtype)             in font `\EU1/EBGaramond(1)/m/n/7'.
(microtype)             Ignoring protrusion settings for this character.
Package microtype Info: Character `℃' is missing
(microtype)             in font `\EU1/EBGaramond(1)/m/n/7'.
(microtype)             Ignoring protrusion settings for this character.
Package microtype Info: Character `™' is missing
(microtype)             in font `\EU1/EBGaramond(1)/m/n/7'.
(microtype)             Ignoring protrusion settings for this character.
Package microtype Info: Character `−' is missing
(microtype)             in font `\EU1/EBGaramond(1)/m/n/7'.
(microtype)             Ignoring protrusion settings for this character.
Package microtype Info: Character `•' is missing
(microtype)             in font `\EU1/EBGaramond(1)/m/n/5'.
(microtype)             Ignoring protrusion settings for this character.
Package microtype Info: Character `℃' is missing
(microtype)             in font `\EU1/EBGaramond(1)/m/n/5'.
(microtype)             Ignoring protrusion settings for this character.
Package microtype Info: Character `™' is missing
(microtype)             in font `\EU1/EBGaramond(1)/m/n/5'.
(microtype)             Ignoring protrusion settings for this character.
Package microtype Info: Character `−' is missing
(microtype)             in font `\EU1/EBGaramond(1)/m/n/5'.
(microtype)             Ignoring protrusion settings for this character.
LaTeX Font Info:    Font shape `EU1/EBGaramond(2)/m/n' will be
(Font)              scaled to size 7.0pt on input line 10.
Package microtype Info: Character `•' is missing
(microtype)             in font `\EU1/EBGaramond(2)/m/n/7'.
(microtype)             Ignoring protrusion settings for this character.
Package microtype Info: Character `℃' is missing
(microtype)             in font `\EU1/EBGaramond(2)/m/n/7'.
(microtype)             Ignoring protrusion settings for this character.
Package microtype Info: Character `™' is missing
(microtype)             in font `\EU1/EBGaramond(2)/m/n/7'.
(microtype)             Ignoring protrusion settings for this character.
Package microtype Info: Character `−' is missing
(microtype)             in font `\EU1/EBGaramond(2)/m/n/7'.
(microtype)             Ignoring protrusion settings for this character.

Underfull \hbox (badness 10000) in paragraph at lines 10--10
[][][]\EU1/EBGaramond(2)/m/n/10 Here a linear system is one where the force act
ing on a particle is proportional to its velocity $[]\OML/cmm/m/it/10 =[] \OT1/
cmr/m/n/10 =
 []

[2



]
LaTeX Font Info:    Font shape `EU1/EBGaramond(2)/m/sc' will be
(Font)              scaled to size 14.4pt on input line 16.
 [3]
File: figures/Johnson_noise_thermometry/Nyquist_resistors.png Graphic file (typ
e QTm)
 <use  "figures/Johnson_noise_thermometry/Nyquist_resistors.png" >
LaTeX Font Info:    Font shape `EU1/EBGaramond(2)/bx/n' will be
(Font)              scaled to size 12.0pt on input line 24.
LaTeX Font Info:    Font shape `EU1/LatoRegular(0)/bx/n' will be
(Font)              scaled to size 9.5907pt on input line 24.
Package microtype Info: Loading generic settings for font family
(microtype)             `LatoRegular' (encoding: EU1).
(microtype)             For optimal results, create family-specific settings.
(microtype)             See the microtype manual for details.
LaTeX Font Info:    Font shape `EU1/LatoRegular(0)/bx/n' will be
(Font)              scaled to size 7.99225pt on input line 24.
LaTeX Font Info:    Font shape `EU1/LatoRegular(0)/m/n' will be
(Font)              scaled to size 9.71375pt on input line 24.
LaTeX Font Info:    Font shape `EU1/LatoRegular(0)/m/n' will be
(Font)              scaled to size 8.09479pt on input line 24.

Overfull \hbox (2.3542pt too wide) in paragraph at lines 20--28
 \EU1/EBGaramond(2)/bx/n/10.95 This derivation holds regardless of the conducto
r, be it an electrolytic solution or a piece of graphene 
 []


LaTeX Warning: Command \nobreakspace invalid in math mode on input line 29.


LaTeX Warning: Command \nobreakspace invalid in math mode on input line 31.


LaTeX Warning: Command \nobreakspace invalid in math mode on input line 31.


Underfull \hbox (badness 10000) in paragraph at lines 35--35
[][][]\EU1/EBGaramond(2)/m/n/10 This is why mean squared error is often a usefu
l metric. If errors are unbiased and Gaussian distributed
 []

[4] [5] [6]

LaTeX Warning: Command \nobreakspace invalid in math mode on input line 85.


LaTeX Warning: Command \nobreakspace invalid in math mode on input line 85.

[7]

LaTeX Warning: Command \nobreakspace invalid in math mode on input line 91.

LaTeX Font Info:    Font shape `EU1/SourceCodePro(0)/m/n' will be
(Font)              scaled to size 8.54172pt on input line 91.
LaTeX Font Info:    Font shape `EU1/EBGaramond(2)/m/n' will be
(Font)              scaled to size 5.0pt on input line 91.
Package microtype Info: Character `•' is missing
(microtype)             in font `\EU1/EBGaramond(2)/m/n/5'.
(microtype)             Ignoring protrusion settings for this character.
Package microtype Info: Character `℃' is missing
(microtype)             in font `\EU1/EBGaramond(2)/m/n/5'.
(microtype)             Ignoring protrusion settings for this character.
Package microtype Info: Character `™' is missing
(microtype)             in font `\EU1/EBGaramond(2)/m/n/5'.
(microtype)             Ignoring protrusion settings for this character.
Package microtype Info: Character `−' is missing
(microtype)             in font `\EU1/EBGaramond(2)/m/n/5'.
(microtype)             Ignoring protrusion settings for this character.

Underfull \hbox (badness 10000) in paragraph at lines 91--91
[][][]\EU1/EBGaramond(2)/m/n/10 this is also a nice proof for why $[]$ in any 2
 port device must be symmetric, $[][] \OT1/cmr/m/n/10 = [][]$\EU1/EBGaramond(2)
/m/n/10 . If this was not
 []


Underfull \hbox (badness 10000) in paragraph at lines 91--91
\EU1/EBGaramond(2)/m/n/10 true, we could place the device between two resistors
 in thermal equilibrium and one would heat the other.
 []


LaTeX Warning: Command \nobreakspace invalid in math mode on input line 92.


LaTeX Warning: Command \nobreakspace invalid in math mode on input line 92.


LaTeX Warning: Command \nobreakspace invalid in math mode on input line 92.

File: figures/Johnson_noise_thermometry/Schematic_Autocorrelation.png Graphic f
ile (type QTm)
<use  "figures/Johnson_noise_thermometry/Schematic_Autocorrelation.png" >

LaTeX Warning: Reference `fig:JNT_autocorrelation_schematic' on page 8 undefine
d on input line 103.


LaTeX Warning: Command \nobreakspace invalid in math mode on input line 103.

File: figures/Johnson_noise_thermometry/Miteq_spec.png Graphic file (type QTm)
<use  "figures/Johnson_noise_thermometry/Miteq_spec.png" >
LaTeX Font Info:    Font shape `EU1/LatoRegular(0)/m/n' will be
(Font)              scaled to size 5.66635pt on input line 106.
LaTeX Font Info:    Font shape `EU1/LatoRegular(0)/m/n' will be
(Font)              scaled to size 4.0474pt on input line 106.
 [8]

LaTeX Warning: Command \nobreakspace invalid in math mode on input line 110.


LaTeX Warning: Command \nobreakspace invalid in math mode on input line 110.


LaTeX Warning: Reference `fig:autocorrelation_schematic' on page 9 undefined on
 input line 111.

File: figures/Johnson_noise_thermometry/Miteq_BP_spec.png Graphic file (type QT
m)
<use  "figures/Johnson_noise_thermometry/Miteq_BP_spec.png" >
Overfull \hbox (0.33575pt too wide) in paragraph at lines 118--120
\EU1/EBGaramond(2)/bx/n/10.95 combo can convert the power to a DC voltage. Each
 technique has its own advantages/disadvantages 
 []

[9] [10]

LaTeX Warning: Command \nobreakspace invalid in math mode on input line 125.

File: figures/Johnson_noise_thermometry/PE8000-50.png Graphic file (type QTm)
<use  "figures/Johnson_noise_thermometry/PE8000-50.png" > [11]

LaTeX Warning: Command \nobreakspace invalid in math mode on input line 136.

[12]
File: figures/Johnson_noise_thermometry/Auto_noise_vs_T.png Graphic file (type 
QTm)
 <use  "figures/Johnson_noise_thermometry/Auto_noise_vs_T.png" >

Package natbib Warning: Citation `rice' on page 13 undefined on input line 147.



Underfull \hbox (badness 10000) in paragraph at lines 147--147
[][][]\EU1/EBGaramond(2)/m/n/10 The effective noise bandwidth is defined as the
 width of a perfect square band that passes the same noise
 []


Package natbib Warning: Citation `fig:JNT_500measurements' on page 13 undefined
 on input line 147.

File: figures/Johnson_noise_thermometry/500_measurements.png Graphic file (type
 QTm)
<use  "figures/Johnson_noise_thermometry/500_measurements.png" > [13]
Underfull \hbox (badness 10000) in paragraph at lines 155--155
[][][]\EU1/EBGaramond(2)/m/n/10 It should be noted that the system noise temper
ature can be quite different from an amplifiers intrinsic
 []


Underfull \hbox (badness 10000) in paragraph at lines 155--155
\EU1/EBGaramond(2)/m/n/10 noise temperature which often assumes a perfectly mat
ched input impedance. See the section ”effective noise
 []

[14]

LaTeX Warning: Command \nobreakspace invalid in math mode on input line 159.


LaTeX Warning: Command \nobreakspace invalid in math mode on input line 159.

File: figures/Johnson_noise_thermometry/histograms.png Graphic file (type QTm)
<use  "figures/Johnson_noise_thermometry/histograms.png" >
Overfull \hbox (0.7628pt too wide) in paragraph at lines 162--169
\EU1/EBGaramond(2)/bx/n/10.95 studying hot it fluctuates about the mean. Fig. [
][]1.8[][] compares two histograms, both containing 20,000 
 []


LaTeX Warning: Command \nobreakspace invalid in math mode on input line 171.


LaTeX Font Warning: Font shape `EU1/SourceCodePro(0)/m/sc' undefined
(Font)              using `EU1/SourceCodePro(0)/m/n' instead on input line 171.


LaTeX Font Info:    Font shape `EU1/SourceCodePro(0)/m/sc' will be
(Font)              scaled to size 9.35316pt on input line 171.
LaTeX Font Info:    Font shape `EU1/EBGaramond(2)/m/sc' will be
(Font)              scaled to size 8.0pt on input line 171.
Package microtype Info: Character `•' is missing
(microtype)             in font `\EU1/EBGaramond(2)/m/sc/8'.
(microtype)             Ignoring protrusion settings for this character.
Package microtype Info: Character `℃' is missing
(microtype)             in font `\EU1/EBGaramond(2)/m/sc/8'.
(microtype)             Ignoring protrusion settings for this character.
Package microtype Info: Character `™' is missing
(microtype)             in font `\EU1/EBGaramond(2)/m/sc/8'.
(microtype)             Ignoring protrusion settings for this character.
Package microtype Info: Character `−' is missing
(microtype)             in font `\EU1/EBGaramond(2)/m/sc/8'.
(microtype)             Ignoring protrusion settings for this character.
LaTeX Font Info:    Font shape `EU1/EBGaramond(2)/m/sc' will be
(Font)              scaled to size 6.0pt on input line 171.
Package microtype Info: Character `•' is missing
(microtype)             in font `\EU1/EBGaramond(2)/m/sc/6'.
(microtype)             Ignoring protrusion settings for this character.
Package microtype Info: Character `℃' is missing
(microtype)             in font `\EU1/EBGaramond(2)/m/sc/6'.
(microtype)             Ignoring protrusion settings for this character.
Package microtype Info: Character `™' is missing
(microtype)             in font `\EU1/EBGaramond(2)/m/sc/6'.
(microtype)             Ignoring protrusion settings for this character.
Package microtype Info: Character `−' is missing
(microtype)             in font `\EU1/EBGaramond(2)/m/sc/6'.
(microtype)             Ignoring protrusion settings for this character.

LaTeX Warning: Command \nobreakspace invalid in math mode on input line 171.

[15]
File: figures/Johnson_noise_thermometry/schematic_matching.png Graphic file (ty
pe QTm)
 <use  "figures/Johnson_noise_thermometry/schematic_matching.png" >

Package natbib Warning: Citation `fig:schematic_matching' on page 16 undefined 
on input line 180.

[16]

LaTeX Warning: Command \nobreakspace invalid in math mode on input line 182.


LaTeX Warning: Command \nobreakspace invalid in math mode on input line 186.


LaTeX Warning: Command \nobreakspace invalid in math mode on input line 188.


LaTeX Warning: Command \nobreakspace invalid in math mode on input line 188.

File: figures/Johnson_noise_thermometry/Impedance_matching2.png Graphic file (t
ype QTm)
<use  "figures/Johnson_noise_thermometry/Impedance_matching2.png" >

LaTeX Warning: Command \nobreakspace invalid in math mode on input line 192.


LaTeX Warning: Command \nobreakspace invalid in math mode on input line 192.


LaTeX Warning: Command \nobreakspace invalid in math mode on input line 192.


LaTeX Warning: Command \nobreakspace invalid in math mode on input line 197.


LaTeX Warning: Command \nobreakspace invalid in math mode on input line 199.


Underfull \hbox (badness 10000) in paragraph at lines 202--202
[][][]\EU1/EBGaramond(2)/m/n/10 stray inductance is also possible (particularly
 if long wire bonds are necessary) but are usually negligible
 []


LaTeX Warning: Reference `fig:picture_gimmick2' on page 17 undefined on input l
ine 202.

File: figures/Johnson_noise_thermometry/picture_gimmick1.jpg Graphic file (type
 QTm)
<use  "figures/Johnson_noise_thermometry/picture_gimmick1.jpg" >
File: figures/Johnson_noise_thermometry/picture_gimmick2.jpg Graphic file (type
 QTm)

<use  "figures/Johnson_noise_thermometry/picture_gimmick2.jpg" > [17]

LaTeX Warning: Command \nobreakspace invalid in math mode on input line 210.


LaTeX Warning: Command \nobreakspace invalid in math mode on input line 210.


LaTeX Warning: Command \nobreakspace invalid in math mode on input line 210.

File: figures/Johnson_noise_thermometry/gimmick_tuning.png Graphic file (type Q
Tm)
<use  "figures/Johnson_noise_thermometry/gimmick_tuning.png" >

LaTeX Warning: Command \nobreakspace invalid in math mode on input line 214.


LaTeX Warning: Command \nobreakspace invalid in math mode on input line 214.

File: figures/Johnson_noise_thermometry/Matched_spectra.png Graphic file (type 
QTm)
<use  "figures/Johnson_noise_thermometry/Matched_spectra.png" > [18] [19]

LaTeX Warning: Command \nobreakspace invalid in math mode on input line 226.


LaTeX Warning: Command \nobreakspace invalid in math mode on input line 226.


LaTeX Warning: Command \nobreakspace invalid in math mode on input line 226.


LaTeX Warning: Command \nobreakspace invalid in math mode on input line 226.


LaTeX Warning: Command \nobreakspace invalid in math mode on input line 226.


LaTeX Warning: Command \nobreakspace invalid in math mode on input line 226.


LaTeX Warning: Command \nobreakspace invalid in math mode on input line 226.


LaTeX Warning: Command \nobreakspace invalid in math mode on input line 226.


LaTeX Warning: Command \nobreakspace invalid in math mode on input line 226.

File: figures/Johnson_noise_thermometry/S11vsR.png Graphic file (type QTm)
<use  "figures/Johnson_noise_thermometry/S11vsR.png" > [20]

Package natbib Warning: Citation `fig:S11_3Rs' on page 21 undefined on input li
ne 235.

File: figures/Johnson_noise_thermometry/S11_3Rs.png Graphic file (type QTm)
<use  "figures/Johnson_noise_thermometry/S11_3Rs.png" > [21]
LaTeX Font Info:    Font shape `EU1/EBGaramond(2)/bx/n' will be
(Font)              scaled to size 10.0pt on input line 243.


Package natbib Warning: Citation `?' on page 22 undefined on input line 243.


Underfull \hbox (badness 10000) in paragraph at lines 243--243
[][][]\EU1/EBGaramond(2)/bx/n/10 This is a well known solution to a similar pro
blem in audio recording. Multi-stage impedance transforms
 []


LaTeX Warning: Command \nobreakspace invalid in math mode on input line 245.


LaTeX Warning: Command \nobreakspace invalid in math mode on input line 245.

File: figures/Johnson_noise_thermometry/schematic_double_matching.png Graphic f
ile (type QTm)
<use  "figures/Johnson_noise_thermometry/schematic_double_matching.png" >

LaTeX Warning: Command \nobreakspace invalid in math mode on input line 253.

[22]

LaTeX Warning: Command \nobreakspace invalid in math mode on input line 255.


LaTeX Warning: Command \nobreakspace invalid in math mode on input line 255.


LaTeX Warning: Command \nobreakspace invalid in math mode on input line 255.


LaTeX Warning: Command \nobreakspace invalid in math mode on input line 257.


LaTeX Warning: Command \nobreakspace invalid in math mode on input line 257.


LaTeX Warning: Command \nobreakspace invalid in math mode on input line 257.

File: figures/Johnson_noise_thermometry/Z_doubleTank.png Graphic file (type QTm
)
<use  "figures/Johnson_noise_thermometry/Z_doubleTank.png" >

LaTeX Warning: Command \nobreakspace invalid in math mode on input line 262.


LaTeX Warning: Command \nobreakspace invalid in math mode on input line 262.


LaTeX Warning: Command \nobreakspace invalid in math mode on input line 262.


LaTeX Warning: Command \nobreakspace invalid in math mode on input line 262.


LaTeX Warning: Command \nobreakspace invalid in math mode on input line 262.


LaTeX Warning: Command \nobreakspace invalid in math mode on input line 265.


LaTeX Warning: Command \nobreakspace invalid in math mode on input line 267.


LaTeX Warning: Command \nobreakspace invalid in math mode on input line 267.

File: figures/Johnson_noise_thermometry/S11vsR_double.png Graphic file (type QT
m)
<use  "figures/Johnson_noise_thermometry/S11vsR_double.png" >

LaTeX Warning: Command \nobreakspace invalid in math mode on input line 271.


LaTeX Warning: Command \nobreakspace invalid in math mode on input line 271.

File: figures/Johnson_noise_thermometry/S11vsR_double2.png Graphic file (type Q
Tm)
<use  "figures/Johnson_noise_thermometry/S11vsR_double2.png" > [23]

LaTeX Warning: Command \nobreakspace invalid in math mode on input line 281.


LaTeX Warning: Command \nobreakspace invalid in math mode on input line 281.


LaTeX Warning: Command \nobreakspace invalid in math mode on input line 281.


LaTeX Warning: Command \nobreakspace invalid in math mode on input line 281.


LaTeX Warning: Command \nobreakspace invalid in math mode on input line 281.

File: figures/Johnson_noise_thermometry/picture_matching_ceramic.jpg Graphic fi
le (type QTm)
<use  "figures/Johnson_noise_thermometry/picture_matching_ceramic.jpg" >
[24] [25] [26] [27]

LaTeX Warning: Command \nobreakspace invalid in math mode on input line 308.


Underfull \hbox (badness 10000) in paragraph at lines 310--310
[][][]\EU1/EBGaramond(2)/bx/n/10 Eq. [][]1.24[][] approximates the external fil
ter function as a perfect square filter of bandwidth $[][]$. For the full
 []

File: figures/Johnson_noise_thermometry/schematic_noise_IV.png Graphic file (ty
pe QTm)
<use  "figures/Johnson_noise_thermometry/schematic_noise_IV.png" >

Package natbib Warning: Citation `weinreb's_talk??' on page 28 undefined on inp
ut line 321.

[28]

LaTeX Warning: Command \nobreakspace invalid in math mode on input line 334.

File: figures/Johnson_noise_thermometry/Vn_vs_R.png Graphic file (type QTm)
<use  "figures/Johnson_noise_thermometry/Vn_vs_R.png" >

LaTeX Warning: Command \nobreakspace invalid in math mode on input line 338.


LaTeX Warning: Command \nobreakspace invalid in math mode on input line 338.


LaTeX Warning: Command \nobreakspace invalid in math mode on input line 338.

[29]

LaTeX Warning: Command \nobreakspace invalid in math mode on input line 345.

[30]

LaTeX Warning: Command \nobreakspace invalid in math mode on input line 352.


Underfull \hbox (badness 10000) in paragraph at lines 352--352
[][][]\EU1/EBGaramond(2)/bx/n/10 negative $[][]$ is where the linear fit interc
epts the horizontal axis; also given by the offset divided by the
 []


LaTeX Warning: Reference `fig:JNT_G_Tn_vs_R' on page 31 undefined on input line
 352.


LaTeX Warning: Command \nobreakspace invalid in math mode on input line 352.

File: figures/Johnson_noise_thermometry/Vn_vs_T.png Graphic file (type QTm)
<use  "figures/Johnson_noise_thermometry/Vn_vs_T.png" >
File: figures/Johnson_noise_thermometry/G_Tn_vs_R.png Graphic file (type QTm)

<use  "figures/Johnson_noise_thermometry/G_Tn_vs_R.png" > [31]

Package natbib Warning: Citation `Glattli:1997' on page 32 undefined on input l
ine 369.


Package natbib Warning: Citation `Glattli:1997p7350' on page 32 undefined on in
put line 369.


Package natbib Warning: Citation `DiCarlo:2006p2620' on page 32 undefined on in
put line 369.


Package natbib Warning: Citation `Henny:1999p2790' on page 32 undefined on inpu
t line 369.


Package natbib Warning: Citation `Brophy:1965p2623' on page 32 undefined on inp
ut line 369.


Package natbib Warning: Citation `*Klein:1978p2616' on page 32 undefined on inp
ut line 369.

[32] [33]
File: figures/Johnson_noise_thermometry/Schematic_Crosscorrelation.png Graphic 
file (type QTm)

<use  "figures/Johnson_noise_thermometry/Schematic_Crosscorrelation.png" >

Package natbib Warning: Citation `Brophy:1965p2623' on page 34 undefined on inp
ut line 383.


Package natbib Warning: Citation `*Klein:1978p2616' on page 34 undefined on inp
ut line 383.


Package natbib Warning: Citation `Sampietro:2000p2679' on page 34 undefined on 
input line 383.


Package natbib Warning: Citation `DiCarlo:2006p2620' on page 34 undefined on in
put line 383.


LaTeX Warning: Command \nobreakspace invalid in math mode on input line 383.


LaTeX Warning: Reference `fig:cross_noise_vs_T' on page 34 undefined on input l
ine 383.


LaTeX Warning: Command \nobreakspace invalid in math mode on input line 383.


LaTeX Warning: Command \nobreakspace invalid in math mode on input line 383.

File: figures/Johnson_noise_thermometry/Cross_noise_vs_T.png Graphic file (type
 QTm)
<use  "figures/Johnson_noise_thermometry/Cross_noise_vs_T.png" >

LaTeX Warning: Command \nobreakspace invalid in math mode on input line 388.


LaTeX Warning: Command \nobreakspace invalid in math mode on input line 388.


LaTeX Warning: Command \nobreakspace invalid in math mode on input line 388.

[34]
File: figures/Johnson_noise_thermometry/cross_sensitivity.png Graphic file (typ
e QTm)
 <use  "figures/Johnson_noise_thermometry/cross_sensitivity.png" >

LaTeX Warning: Command \nobreakspace invalid in math mode on input line 400.


LaTeX Warning: Command \nobreakspace invalid in math mode on input line 400.

LaTeX Font Info:    Font shape `EU1/SourceCodePro(0)/m/it' will be
(Font)              scaled to size 8.54172pt on input line 400.

LaTeX Warning: Command \nobreakspace invalid in math mode on input line 400.

[35]
File: figures/Johnson_noise_thermometry/4terminal.png Graphic file (type QTm)
 <use  "figures/Johnson_noise_thermometry/4terminal.png" > [36]) [37]
\openout2 = `chapters/Electronic_cooling_pathways_in_graphene.aux'.


(./chapters/Electronic_cooling_pathways_in_graphene.tex
Chapter 2.

Package natbib Warning: Citation `kittle??' on page 38 undefined on input line 
9.


Package natbib Warning: Citation `??' on page 38 undefined on input line 9.


Package natbib Warning: Citation `prober' on page 38 undefined on input line 9.



Package natbib Warning: Citation `mckitterick' on page 38 undefined on input li
ne 9.

[38



]

LaTeX Warning: Reference `fig:WF_in_metals' on page 39 undefined on input line 
17.

File: figures/electronic_cooling/WF_in_metals.png Graphic file (type QTm)
<use  "figures/electronic_cooling/WF_in_metals.png" >
LaTeX Font Info:    Font shape `EU1/LatoRegular(0)/m/it' will be
(Font)              scaled to size 8.09479pt on input line 21.
 [39] [40]) [41]
\openout2 = `chapters/Thermal_conductance_via_electrical_noise.aux'.


(./chapters/Thermal_conductance_via_electrical_noise.tex
Chapter 3.
[42



]
Overfull \hbox (7.0262pt too wide) in paragraph at lines 15--16
\EU1/EBGaramond(2)/bx/n/10.95 the usual geometric factors but with an extra fac
tor of 12. If the WF law is formulated as the 2-terminal 
 []

[43]
Overfull \hbox (8.465pt too wide) in paragraph at lines 20--20
|\EU1/EBGaramond(2)/m/sc/14.4 Johnson noise temperature vs mean temperatures: w
edge device| 
 []

LaTeX Font Info:    Font shape `EU1/SourceCodePro(0)/m/sc' will be
(Font)              scaled to size 12.30006pt on input line 24.
LaTeX Font Info:    Font shape `EU1/SourceCodePro(0)/m/it' will be
(Font)              scaled to size 12.30006pt on input line 24.
LaTeX Font Info:    Font shape `EU1/EBGaramond(2)/m/sc' will be
(Font)              scaled to size 10.0pt on input line 24.
LaTeX Font Info:    Font shape `EU1/EBGaramond(2)/m/sc' will be
(Font)              scaled to size 7.0pt on input line 24.
Package microtype Info: Character `•' is missing
(microtype)             in font `\EU1/EBGaramond(2)/m/sc/7'.
(microtype)             Ignoring protrusion settings for this character.
Package microtype Info: Character `℃' is missing
(microtype)             in font `\EU1/EBGaramond(2)/m/sc/7'.
(microtype)             Ignoring protrusion settings for this character.
Package microtype Info: Character `™' is missing
(microtype)             in font `\EU1/EBGaramond(2)/m/sc/7'.
(microtype)             Ignoring protrusion settings for this character.
Package microtype Info: Character `−' is missing
(microtype)             in font `\EU1/EBGaramond(2)/m/sc/7'.
(microtype)             Ignoring protrusion settings for this character.

Package hyperref Warning: Token not allowed in a PDF string (Unicode):
(hyperref)                removing `math shift' on input line 24.


Package hyperref Warning: Token not allowed in a PDF string (Unicode):
(hyperref)                removing `math shift' on input line 24.

) [44]
\openout2 = `chapters/Hydrodynamic_theory_of_transport.aux'.

 (./chapters/Hydrodynamic_theory_of_transport.tex
Chapter 4.
) [45



] [46]
\openout2 = `chapters/RF_cryostats_and_circuitry.aux'.

 (./chapters/RF_cryostats_and_circuitry.tex
Chapter 5.
) [47



] [48]
\openout2 = `chapters/Calibration_of_graphene_devices.aux'.

 (./chapters/Calibration_of_graphene_devices.tex
Chapter 6.
) [49



]
\openout2 = `chapters/Thermal_conductance_in_high_density_graphene.aux'.

 (./chapters/Thermal_conductance_in_high_density_graphene.tex
Chapter 7.
) [50



] [51]
\openout2 = `chapters/The_Dirac_fluid.aux'.

 (./chapters/The_Dirac_fluid.tex
Chapter 8.
) [52



]
\openout2 = `chapters/Magneto-thermal_transport.aux'.

 (./chapters/Magneto-thermal_transport.tex
Underfull \hbox (badness 10000) in paragraph at lines 3--4
[]\EU1/EBGaramond(2)/m/it/10 Since the dawn of time, man hath sought to make th
ings
 []

Chapter 9.
) [53



]
\openout2 = `chapters/Conclusions_and_future_work.aux'.

 (./chapters/Conclusions_and_future_work.tex
Chapter 10.
) [54



] (./dissertation.bbl
LaTeX Font Info:    Font shape `EU1/EBGaramond(2)/m/it' will be
(Font)              scaled to size 10.95pt on input line 6.
 [55


])

Package natbib Warning: There were undefined citations.

Package atveryend Info: Empty hook `BeforeClearDocument' on input line 50.
[56]
Package atveryend Info: Empty hook `AfterLastShipout' on input line 50.
 (./dissertation.aux (./chapters/introduction.aux)
(./chapters/Johnson_noise_thermometry.aux)
(./chapters/Electronic_cooling_pathways_in_graphene.aux)
(./chapters/Thermal_conductance_via_electrical_noise.aux)
(./chapters/Hydrodynamic_theory_of_transport.aux)
(./chapters/RF_cryostats_and_circuitry.aux)
(./chapters/Calibration_of_graphene_devices.aux)
(./chapters/Thermal_conductance_in_high_density_graphene.aux)
(./chapters/The_Dirac_fluid.aux) (./chapters/Magneto-thermal_transport.aux)
(./chapters/Conclusions_and_future_work.aux))
Package atveryend Info: Empty hook `AtVeryEndDocument' on input line 50.
Package atveryend Info: Empty hook `AtEndAfterFileList' on input line 50.


LaTeX Font Warning: Some font shapes were not available, defaults substituted.


LaTeX Warning: There were undefined references.


LaTeX Warning: There were multiply-defined labels.

 ) 
Here is how much of TeX's memory you used:
 27721 strings out of 493638
 495799 string characters out of 6146796
 564438 words of memory out of 5000000
 30565 multiletter control sequences out of 15000+600000
 20885 words of font info for 142 fonts, out of 8000000 for 9000
 1328 hyphenation exceptions out of 8191
 60i,12n,107p,10481b,457s stack positions out of 5000i,500n,10000p,200000b,80000s

Output written on dissertation.pdf (63 pages).
