\BOOKMARK [0][-]{section*.1}{Abstract}{}% 1
\BOOKMARK [0][-]{Contents.0}{Contents}{}% 2
\BOOKMARK [0][-]{section*.4}{Acknowledgments}{}% 3
\BOOKMARK [0][-]{section*.5}{Citations\040to\040previous\040publications}{}% 4
\BOOKMARK [0][-]{chapter.0}{Overview}{}% 5
\BOOKMARK [0][-]{chapter.1}{Johnson\040noise\040thermometry}{}% 6
\BOOKMARK [1][-]{section.1.1}{Thermal\040noise\040in\040resistors}{chapter.1}% 7
\BOOKMARK [1][-]{section.1.2}{Resistor\040networks:\040The\040Johnson\040noise\040temperature}{chapter.1}% 8
\BOOKMARK [1][-]{section.1.3}{Johnson\040noise\040in\040RF\040circuits}{chapter.1}% 9
\BOOKMARK [1][-]{section.1.4}{An\040autocorrelation\040RF\040noise\040thermometer}{chapter.1}% 10
\BOOKMARK [1][-]{section.1.5}{Uncertainty\040in\040noise\040measurements}{chapter.1}% 11
\BOOKMARK [1][-]{section.1.6}{Impedance\040matching}{chapter.1}% 12
\BOOKMARK [2][-]{subsection.1.6.1}{LC\040tank\040circuits}{section.1.6}% 13
\BOOKMARK [2][-]{subsection.1.6.2}{Multi-stage\040matching}{section.1.6}% 14
\BOOKMARK [1][-]{section.1.7}{System\040noise\040temperature}{chapter.1}% 15
\BOOKMARK [1][-]{section.1.8}{Calibration}{chapter.1}% 16
\BOOKMARK [1][-]{section.1.9}{Cross-correlated\040noise\040thermometry}{chapter.1}% 17
\BOOKMARK [2][-]{subsection.1.9.1}{multi-terminal\040cross-correlation}{section.1.9}% 18
\BOOKMARK [0][-]{chapter.2}{Electronic\040cooling\040mechanisms\040in\040graphene}{}% 19
\BOOKMARK [1][-]{section.2.1}{Wiedemann-Franz}{chapter.2}% 20
\BOOKMARK [2][-]{subsection.2.1.1}{Linearization}{section.2.1}% 21
\BOOKMARK [2][-]{subsection.2.1.2}{Hot-electron\040shot\040noise}{section.2.1}% 22
\BOOKMARK [1][-]{section.2.2}{Electron-Phonon\040coupling}{chapter.2}% 23
\BOOKMARK [2][-]{subsection.2.2.1}{Linearization}{section.2.2}% 24
\BOOKMARK [2][-]{subsection.2.2.2}{Bloch-Grüneisen temperature}{section.2.2}% 25
\BOOKMARK [2][-]{subsection.2.2.3}{Acoustic\040phonons}{section.2.2}% 26
\BOOKMARK [2][-]{subsection.2.2.4}{Optical\040phonons}{section.2.2}% 27
\BOOKMARK [1][-]{section.2.3}{Photon\040cooling}{chapter.2}% 28
\BOOKMARK [1][-]{section.2.4}{Thermal\040Network}{chapter.2}% 29
\BOOKMARK [0][-]{chapter.3}{Thermal\040conductance\040via\040electrical\040noise}{}% 30
\BOOKMARK [1][-]{section.3.1}{Rectangular\040devices}{chapter.3}% 31
\BOOKMARK [2][-]{subsection.3.1.1}{Electronic\040conduction\040only}{section.3.1}% 32
\BOOKMARK [2][-]{subsection.3.1.2}{Phonon\040cooling\040only}{section.3.1}% 33
\BOOKMARK [1][-]{section.3.2}{Wedge\040devices}{chapter.3}% 34
\BOOKMARK [1][-]{section.3.3}{Universality\040of\040}{chapter.3}% 35
\BOOKMARK [1][-]{section.3.4}{Experimental\040setup}{chapter.3}% 36
\BOOKMARK [0][-]{chapter.4}{Thermal\040conductance\040in\040high\040density\040graphene}{}% 37
\BOOKMARK [1][-]{section.4.1}{Device\040characteristics}{chapter.4}% 38
\BOOKMARK [1][-]{section.4.2}{Thermal\040conductance}{chapter.4}% 39
\BOOKMARK [0][-]{chapter.5}{The\040Dirac\040fluid}{}% 40
\BOOKMARK [1][-]{section.5.1}{Temperature\040regimes}{chapter.5}% 41
\BOOKMARK [1][-]{section.5.2}{Observation\040of\040the\040Dirac\040fluid\040and\040the\040breakdown\040of\040the\040Wiedemann-Franz\040law\040in\040graphene}{chapter.5}% 42
\BOOKMARK [1][-]{section.5.3}{Sample\040Fabrication}{chapter.5}% 43
\BOOKMARK [1][-]{section.5.4}{Optimizing\040samples\040for\040high\040frequency\040thermal\040conductivity\040measurements}{chapter.5}% 44
\BOOKMARK [1][-]{section.5.5}{Device\040Characterization}{chapter.5}% 45
\BOOKMARK [1][-]{section.5.6}{Bipolar\040Diffusion}{chapter.5}% 46
\BOOKMARK [0][-]{chapter.6}{Hydrodynamic\040framework}{}% 47
\BOOKMARK [1][-]{section.6.1}{Transport\040in\040inhomogeneous\040quantum\040critical\040fluids\040and\040in\040the\040Dirac\040fluid\040in\040graphene}{chapter.6}% 48
\BOOKMARK [2][-]{subsection.6.1.1}{Summary\040of\040Results}{section.6.1}% 49
\BOOKMARK [2][-]{subsection.6.1.2}{Outline}{section.6.1}% 50
\BOOKMARK [1][-]{section.6.2}{Transport\040Coefficients}{chapter.6}% 51
\BOOKMARK [1][-]{section.6.3}{Relativistic\040Hydrodynamics}{chapter.6}% 52
\BOOKMARK [2][-]{subsection.6.3.1}{Hydrodynamic\040Equations}{section.6.3}% 53
\BOOKMARK [2][-]{subsection.6.3.2}{Hydrodynamic\040Theory\040of\040Transport}{section.6.3}% 54
\BOOKMARK [1][-]{section.6.4}{The\040Dirac\040Fluid\040in\040Graphene}{chapter.6}% 55
\BOOKMARK [1][-]{section.6.5}{Numerical\040Results}{chapter.6}% 56
\BOOKMARK [2][-]{subsection.6.5.1}{Comparison\040to\040Experiment}{section.6.5}% 57
\BOOKMARK [1][-]{section.6.6}{Phonons\040in\040Graphene}{chapter.6}% 58
\BOOKMARK [1][-]{section.6.7}{Conclusions}{chapter.6}% 59
\BOOKMARK [0][-]{chapter.7}{Magneto-thermal\040transport}{}% 60
\BOOKMARK [1][-]{section.7.1}{Generalized\040transport\040coefficients}{chapter.7}% 61
\BOOKMARK [1][-]{section.7.2}{Classical\040Hall\040Effect}{chapter.7}% 62
\BOOKMARK [1][-]{section.7.3}{Graphene\040characteristics}{chapter.7}% 63
\BOOKMARK [1][-]{section.7.4}{Electrical\040noise\040in\040high\040fields}{chapter.7}% 64
\BOOKMARK [1][-]{section.7.5}{Magneto-thermal\040conductance}{chapter.7}% 65
\BOOKMARK [1][-]{section.7.6}{Cyclotron\040radius}{chapter.7}% 66
\BOOKMARK [0][-]{Appendix.1.A}{Appendix\040RF\040cryostats\040and\040circuitry}{}% 67
\BOOKMARK [1][-]{section.1.A.1}{Janis}{Appendix.1.A}% 68
\BOOKMARK [1][-]{section.1.A.2}{Oxford}{Appendix.1.A}% 69
\BOOKMARK [1][-]{section.1.A.3}{Leiden}{Appendix.1.A}% 70
\BOOKMARK [1][-]{section.1.A.4}{JNT\040circuits}{Appendix.1.A}% 71
\BOOKMARK [0][-]{Appendix.1.B}{Appendix\040Hydrodynamic\040framework}{}% 72
\BOOKMARK [1][-]{section.1.B.1}{Thermodynamics}{Appendix.1.B}% 73
\BOOKMARK [2][-]{subsection.1.B.1.1}{Thermodynamics\040of\040Disordered\040Fluids}{section.1.B.1}% 74
\BOOKMARK [1][-]{section.1.B.2}{Rescaling\040Symmetries\040of\040dc\040Transport}{Appendix.1.B}% 75
\BOOKMARK [1][-]{section.1.B.3}{Weak\040Disorder}{Appendix.1.B}% 76
\BOOKMARK [1][-]{section.1.B.4}{Equations\040of\040State\040of\040the\040Dirac\040Fluid}{Appendix.1.B}% 77
\BOOKMARK [1][-]{section.1.B.5}{Numerical\040Methods}{Appendix.1.B}% 78
\BOOKMARK [2][-]{subsection.1.B.5.1}{Finite\040Size\040Effects}{section.1.B.5}% 79
\BOOKMARK [2][-]{subsection.1.B.5.2}{Dimensional\040Analysis}{section.1.B.5}% 80
\BOOKMARK [0][-]{equation.1.B.5.28e}{References}{}% 81
